[2025-11-30T13:40:30.232+0000] {processor.py:161} INFO - Started process (PID=42) to work on /opt/airflow/dags/etl_finnhub_kafka_s3_bronze.py
[2025-11-30T13:40:30.234+0000] {processor.py:830} INFO - Processing file /opt/airflow/dags/etl_finnhub_kafka_s3_bronze.py for tasks to queue
[2025-11-30T13:40:30.236+0000] {logging_mixin.py:188} INFO - [2025-11-30T13:40:30.236+0000] {dagbag.py:545} INFO - Filling up the DagBag from /opt/airflow/dags/etl_finnhub_kafka_s3_bronze.py
[2025-11-30T13:40:31.437+0000] {processor.py:840} INFO - DAG(s) 'etl_federalcredit_kafka_s3_bronze' retrieved from /opt/airflow/dags/etl_finnhub_kafka_s3_bronze.py
[2025-11-30T13:40:31.542+0000] {logging_mixin.py:188} INFO - [2025-11-30T13:40:31.542+0000] {dag.py:3089} INFO - Sync 1 DAGs
[2025-11-30T13:40:31.614+0000] {processor.py:183} INFO - Processing /opt/airflow/dags/etl_finnhub_kafka_s3_bronze.py took 1.403 seconds
[2025-11-30T13:41:02.207+0000] {processor.py:161} INFO - Started process (PID=43) to work on /opt/airflow/dags/etl_finnhub_kafka_s3_bronze.py
[2025-11-30T13:41:02.208+0000] {processor.py:830} INFO - Processing file /opt/airflow/dags/etl_finnhub_kafka_s3_bronze.py for tasks to queue
[2025-11-30T13:41:02.222+0000] {logging_mixin.py:188} INFO - [2025-11-30T13:41:02.222+0000] {dagbag.py:545} INFO - Filling up the DagBag from /opt/airflow/dags/etl_finnhub_kafka_s3_bronze.py
[2025-11-30T13:41:02.517+0000] {processor.py:840} INFO - DAG(s) 'etl_federalcredit_kafka_s3_bronze' retrieved from /opt/airflow/dags/etl_finnhub_kafka_s3_bronze.py
[2025-11-30T13:41:02.561+0000] {logging_mixin.py:188} INFO - [2025-11-30T13:41:02.561+0000] {dag.py:3089} INFO - Sync 1 DAGs
[2025-11-30T13:41:02.612+0000] {processor.py:183} INFO - Processing /opt/airflow/dags/etl_finnhub_kafka_s3_bronze.py took 0.431 seconds
[2025-11-30T13:41:33.417+0000] {processor.py:161} INFO - Started process (PID=44) to work on /opt/airflow/dags/etl_finnhub_kafka_s3_bronze.py
[2025-11-30T13:41:33.419+0000] {processor.py:830} INFO - Processing file /opt/airflow/dags/etl_finnhub_kafka_s3_bronze.py for tasks to queue
[2025-11-30T13:41:33.421+0000] {logging_mixin.py:188} INFO - [2025-11-30T13:41:33.421+0000] {dagbag.py:545} INFO - Filling up the DagBag from /opt/airflow/dags/etl_finnhub_kafka_s3_bronze.py
[2025-11-30T13:41:33.608+0000] {processor.py:840} INFO - DAG(s) 'etl_federalcredit_kafka_s3_bronze' retrieved from /opt/airflow/dags/etl_finnhub_kafka_s3_bronze.py
[2025-11-30T13:41:33.638+0000] {logging_mixin.py:188} INFO - [2025-11-30T13:41:33.637+0000] {dag.py:3089} INFO - Sync 1 DAGs
[2025-11-30T13:41:33.686+0000] {processor.py:183} INFO - Processing /opt/airflow/dags/etl_finnhub_kafka_s3_bronze.py took 0.277 seconds
[2025-11-30T13:42:04.413+0000] {processor.py:161} INFO - Started process (PID=45) to work on /opt/airflow/dags/etl_finnhub_kafka_s3_bronze.py
[2025-11-30T13:42:04.414+0000] {processor.py:830} INFO - Processing file /opt/airflow/dags/etl_finnhub_kafka_s3_bronze.py for tasks to queue
[2025-11-30T13:42:04.417+0000] {logging_mixin.py:188} INFO - [2025-11-30T13:42:04.417+0000] {dagbag.py:545} INFO - Filling up the DagBag from /opt/airflow/dags/etl_finnhub_kafka_s3_bronze.py
[2025-11-30T13:42:04.655+0000] {processor.py:840} INFO - DAG(s) 'etl_federalcredit_kafka_s3_bronze' retrieved from /opt/airflow/dags/etl_finnhub_kafka_s3_bronze.py
[2025-11-30T13:42:04.701+0000] {logging_mixin.py:188} INFO - [2025-11-30T13:42:04.701+0000] {dag.py:3089} INFO - Sync 1 DAGs
[2025-11-30T13:42:04.779+0000] {processor.py:183} INFO - Processing /opt/airflow/dags/etl_finnhub_kafka_s3_bronze.py took 0.376 seconds
[2025-11-30T13:42:35.539+0000] {processor.py:161} INFO - Started process (PID=46) to work on /opt/airflow/dags/etl_finnhub_kafka_s3_bronze.py
[2025-11-30T13:42:35.540+0000] {processor.py:830} INFO - Processing file /opt/airflow/dags/etl_finnhub_kafka_s3_bronze.py for tasks to queue
[2025-11-30T13:42:35.543+0000] {logging_mixin.py:188} INFO - [2025-11-30T13:42:35.542+0000] {dagbag.py:545} INFO - Filling up the DagBag from /opt/airflow/dags/etl_finnhub_kafka_s3_bronze.py
[2025-11-30T13:42:35.777+0000] {processor.py:840} INFO - DAG(s) 'etl_federalcredit_kafka_s3_bronze' retrieved from /opt/airflow/dags/etl_finnhub_kafka_s3_bronze.py
[2025-11-30T13:42:35.811+0000] {logging_mixin.py:188} INFO - [2025-11-30T13:42:35.810+0000] {dag.py:3089} INFO - Sync 1 DAGs
[2025-11-30T13:42:35.851+0000] {processor.py:183} INFO - Processing /opt/airflow/dags/etl_finnhub_kafka_s3_bronze.py took 0.319 seconds
[2025-11-30T13:43:06.303+0000] {processor.py:161} INFO - Started process (PID=47) to work on /opt/airflow/dags/etl_finnhub_kafka_s3_bronze.py
[2025-11-30T13:43:06.304+0000] {processor.py:830} INFO - Processing file /opt/airflow/dags/etl_finnhub_kafka_s3_bronze.py for tasks to queue
[2025-11-30T13:43:06.306+0000] {logging_mixin.py:188} INFO - [2025-11-30T13:43:06.306+0000] {dagbag.py:545} INFO - Filling up the DagBag from /opt/airflow/dags/etl_finnhub_kafka_s3_bronze.py
[2025-11-30T13:43:06.633+0000] {processor.py:840} INFO - DAG(s) 'etl_federalcredit_kafka_s3_bronze' retrieved from /opt/airflow/dags/etl_finnhub_kafka_s3_bronze.py
[2025-11-30T13:43:06.665+0000] {logging_mixin.py:188} INFO - [2025-11-30T13:43:06.665+0000] {dag.py:3089} INFO - Sync 1 DAGs
[2025-11-30T13:43:06.706+0000] {processor.py:183} INFO - Processing /opt/airflow/dags/etl_finnhub_kafka_s3_bronze.py took 0.411 seconds
[2025-11-30T13:43:36.796+0000] {processor.py:161} INFO - Started process (PID=48) to work on /opt/airflow/dags/etl_finnhub_kafka_s3_bronze.py
[2025-11-30T13:43:36.797+0000] {processor.py:830} INFO - Processing file /opt/airflow/dags/etl_finnhub_kafka_s3_bronze.py for tasks to queue
[2025-11-30T13:43:36.799+0000] {logging_mixin.py:188} INFO - [2025-11-30T13:43:36.799+0000] {dagbag.py:545} INFO - Filling up the DagBag from /opt/airflow/dags/etl_finnhub_kafka_s3_bronze.py
[2025-11-30T13:43:36.978+0000] {processor.py:840} INFO - DAG(s) 'etl_federalcredit_kafka_s3_bronze' retrieved from /opt/airflow/dags/etl_finnhub_kafka_s3_bronze.py
[2025-11-30T13:43:37.011+0000] {logging_mixin.py:188} INFO - [2025-11-30T13:43:37.011+0000] {dag.py:3089} INFO - Sync 1 DAGs
[2025-11-30T13:43:37.051+0000] {processor.py:183} INFO - Processing /opt/airflow/dags/etl_finnhub_kafka_s3_bronze.py took 0.262 seconds
[2025-11-30T13:44:08.010+0000] {processor.py:161} INFO - Started process (PID=49) to work on /opt/airflow/dags/etl_finnhub_kafka_s3_bronze.py
[2025-11-30T13:44:08.011+0000] {processor.py:830} INFO - Processing file /opt/airflow/dags/etl_finnhub_kafka_s3_bronze.py for tasks to queue
[2025-11-30T13:44:08.013+0000] {logging_mixin.py:188} INFO - [2025-11-30T13:44:08.012+0000] {dagbag.py:545} INFO - Filling up the DagBag from /opt/airflow/dags/etl_finnhub_kafka_s3_bronze.py
[2025-11-30T13:44:08.183+0000] {processor.py:840} INFO - DAG(s) 'etl_federalcredit_kafka_s3_bronze' retrieved from /opt/airflow/dags/etl_finnhub_kafka_s3_bronze.py
[2025-11-30T13:44:08.212+0000] {logging_mixin.py:188} INFO - [2025-11-30T13:44:08.212+0000] {dag.py:3089} INFO - Sync 1 DAGs
[2025-11-30T13:44:08.250+0000] {processor.py:183} INFO - Processing /opt/airflow/dags/etl_finnhub_kafka_s3_bronze.py took 0.245 seconds
[2025-11-30T13:44:38.539+0000] {processor.py:161} INFO - Started process (PID=50) to work on /opt/airflow/dags/etl_finnhub_kafka_s3_bronze.py
[2025-11-30T13:44:38.540+0000] {processor.py:830} INFO - Processing file /opt/airflow/dags/etl_finnhub_kafka_s3_bronze.py for tasks to queue
[2025-11-30T13:44:38.543+0000] {logging_mixin.py:188} INFO - [2025-11-30T13:44:38.542+0000] {dagbag.py:545} INFO - Filling up the DagBag from /opt/airflow/dags/etl_finnhub_kafka_s3_bronze.py
[2025-11-30T13:44:38.742+0000] {processor.py:840} INFO - DAG(s) 'etl_federalcredit_kafka_s3_bronze' retrieved from /opt/airflow/dags/etl_finnhub_kafka_s3_bronze.py
[2025-11-30T13:44:38.776+0000] {logging_mixin.py:188} INFO - [2025-11-30T13:44:38.776+0000] {dag.py:3089} INFO - Sync 1 DAGs
[2025-11-30T13:44:38.816+0000] {processor.py:183} INFO - Processing /opt/airflow/dags/etl_finnhub_kafka_s3_bronze.py took 0.283 seconds
[2025-11-30T13:45:09.173+0000] {processor.py:161} INFO - Started process (PID=51) to work on /opt/airflow/dags/etl_finnhub_kafka_s3_bronze.py
[2025-11-30T13:45:09.175+0000] {processor.py:830} INFO - Processing file /opt/airflow/dags/etl_finnhub_kafka_s3_bronze.py for tasks to queue
[2025-11-30T13:45:09.179+0000] {logging_mixin.py:188} INFO - [2025-11-30T13:45:09.178+0000] {dagbag.py:545} INFO - Filling up the DagBag from /opt/airflow/dags/etl_finnhub_kafka_s3_bronze.py
[2025-11-30T13:45:09.542+0000] {processor.py:840} INFO - DAG(s) 'etl_federalcredit_kafka_s3_bronze' retrieved from /opt/airflow/dags/etl_finnhub_kafka_s3_bronze.py
[2025-11-30T13:45:09.609+0000] {logging_mixin.py:188} INFO - [2025-11-30T13:45:09.608+0000] {dag.py:3089} INFO - Sync 1 DAGs
[2025-11-30T13:45:09.715+0000] {processor.py:183} INFO - Processing /opt/airflow/dags/etl_finnhub_kafka_s3_bronze.py took 0.559 seconds
[2025-11-30T13:45:40.110+0000] {processor.py:161} INFO - Started process (PID=52) to work on /opt/airflow/dags/etl_finnhub_kafka_s3_bronze.py
[2025-11-30T13:45:40.114+0000] {processor.py:830} INFO - Processing file /opt/airflow/dags/etl_finnhub_kafka_s3_bronze.py for tasks to queue
[2025-11-30T13:45:40.117+0000] {logging_mixin.py:188} INFO - [2025-11-30T13:45:40.117+0000] {dagbag.py:545} INFO - Filling up the DagBag from /opt/airflow/dags/etl_finnhub_kafka_s3_bronze.py
[2025-11-30T13:45:40.401+0000] {processor.py:840} INFO - DAG(s) 'etl_federalcredit_kafka_s3_bronze' retrieved from /opt/airflow/dags/etl_finnhub_kafka_s3_bronze.py
[2025-11-30T13:45:40.445+0000] {logging_mixin.py:188} INFO - [2025-11-30T13:45:40.445+0000] {dag.py:3089} INFO - Sync 1 DAGs
[2025-11-30T13:45:40.544+0000] {processor.py:183} INFO - Processing /opt/airflow/dags/etl_finnhub_kafka_s3_bronze.py took 0.442 seconds
[2025-11-30T13:46:12.065+0000] {processor.py:161} INFO - Started process (PID=53) to work on /opt/airflow/dags/etl_finnhub_kafka_s3_bronze.py
[2025-11-30T13:46:12.067+0000] {processor.py:830} INFO - Processing file /opt/airflow/dags/etl_finnhub_kafka_s3_bronze.py for tasks to queue
[2025-11-30T13:46:12.068+0000] {logging_mixin.py:188} INFO - [2025-11-30T13:46:12.068+0000] {dagbag.py:545} INFO - Filling up the DagBag from /opt/airflow/dags/etl_finnhub_kafka_s3_bronze.py
[2025-11-30T13:46:12.312+0000] {processor.py:840} INFO - DAG(s) 'etl_federalcredit_kafka_s3_bronze' retrieved from /opt/airflow/dags/etl_finnhub_kafka_s3_bronze.py
[2025-11-30T13:46:12.358+0000] {logging_mixin.py:188} INFO - [2025-11-30T13:46:12.357+0000] {dag.py:3089} INFO - Sync 1 DAGs
[2025-11-30T13:46:12.422+0000] {processor.py:183} INFO - Processing /opt/airflow/dags/etl_finnhub_kafka_s3_bronze.py took 0.362 seconds
[2025-11-30T13:46:44.449+0000] {processor.py:161} INFO - Started process (PID=54) to work on /opt/airflow/dags/etl_finnhub_kafka_s3_bronze.py
[2025-11-30T13:46:44.451+0000] {processor.py:830} INFO - Processing file /opt/airflow/dags/etl_finnhub_kafka_s3_bronze.py for tasks to queue
[2025-11-30T13:46:44.454+0000] {logging_mixin.py:188} INFO - [2025-11-30T13:46:44.453+0000] {dagbag.py:545} INFO - Filling up the DagBag from /opt/airflow/dags/etl_finnhub_kafka_s3_bronze.py
[2025-11-30T13:46:44.649+0000] {processor.py:840} INFO - DAG(s) 'etl_federalcredit_kafka_s3_bronze' retrieved from /opt/airflow/dags/etl_finnhub_kafka_s3_bronze.py
[2025-11-30T13:46:44.679+0000] {logging_mixin.py:188} INFO - [2025-11-30T13:46:44.679+0000] {dag.py:3089} INFO - Sync 1 DAGs
[2025-11-30T13:46:44.723+0000] {processor.py:183} INFO - Processing /opt/airflow/dags/etl_finnhub_kafka_s3_bronze.py took 0.282 seconds
[2025-11-30T13:47:17.369+0000] {processor.py:161} INFO - Started process (PID=55) to work on /opt/airflow/dags/etl_finnhub_kafka_s3_bronze.py
[2025-11-30T13:47:17.371+0000] {processor.py:830} INFO - Processing file /opt/airflow/dags/etl_finnhub_kafka_s3_bronze.py for tasks to queue
[2025-11-30T13:47:17.373+0000] {logging_mixin.py:188} INFO - [2025-11-30T13:47:17.372+0000] {dagbag.py:545} INFO - Filling up the DagBag from /opt/airflow/dags/etl_finnhub_kafka_s3_bronze.py
[2025-11-30T13:47:17.557+0000] {processor.py:840} INFO - DAG(s) 'etl_federalcredit_kafka_s3_bronze' retrieved from /opt/airflow/dags/etl_finnhub_kafka_s3_bronze.py
[2025-11-30T13:47:17.589+0000] {logging_mixin.py:188} INFO - [2025-11-30T13:47:17.589+0000] {dag.py:3089} INFO - Sync 1 DAGs
[2025-11-30T13:47:17.632+0000] {processor.py:183} INFO - Processing /opt/airflow/dags/etl_finnhub_kafka_s3_bronze.py took 0.268 seconds
[2025-11-30T13:47:50.478+0000] {processor.py:161} INFO - Started process (PID=56) to work on /opt/airflow/dags/etl_finnhub_kafka_s3_bronze.py
[2025-11-30T13:47:50.479+0000] {processor.py:830} INFO - Processing file /opt/airflow/dags/etl_finnhub_kafka_s3_bronze.py for tasks to queue
[2025-11-30T13:47:50.481+0000] {logging_mixin.py:188} INFO - [2025-11-30T13:47:50.481+0000] {dagbag.py:545} INFO - Filling up the DagBag from /opt/airflow/dags/etl_finnhub_kafka_s3_bronze.py
[2025-11-30T13:47:50.769+0000] {processor.py:840} INFO - DAG(s) 'etl_federalcredit_kafka_s3_bronze' retrieved from /opt/airflow/dags/etl_finnhub_kafka_s3_bronze.py
[2025-11-30T13:47:50.802+0000] {logging_mixin.py:188} INFO - [2025-11-30T13:47:50.802+0000] {dag.py:3089} INFO - Sync 1 DAGs
[2025-11-30T13:47:50.851+0000] {processor.py:183} INFO - Processing /opt/airflow/dags/etl_finnhub_kafka_s3_bronze.py took 0.379 seconds
[2025-11-30T13:48:22.852+0000] {processor.py:161} INFO - Started process (PID=57) to work on /opt/airflow/dags/etl_finnhub_kafka_s3_bronze.py
[2025-11-30T13:48:22.854+0000] {processor.py:830} INFO - Processing file /opt/airflow/dags/etl_finnhub_kafka_s3_bronze.py for tasks to queue
[2025-11-30T13:48:22.858+0000] {logging_mixin.py:188} INFO - [2025-11-30T13:48:22.857+0000] {dagbag.py:545} INFO - Filling up the DagBag from /opt/airflow/dags/etl_finnhub_kafka_s3_bronze.py
[2025-11-30T13:48:23.316+0000] {processor.py:840} INFO - DAG(s) 'etl_federalcredit_kafka_s3_bronze' retrieved from /opt/airflow/dags/etl_finnhub_kafka_s3_bronze.py
[2025-11-30T13:48:23.351+0000] {logging_mixin.py:188} INFO - [2025-11-30T13:48:23.351+0000] {dag.py:3089} INFO - Sync 1 DAGs
[2025-11-30T13:48:23.392+0000] {processor.py:183} INFO - Processing /opt/airflow/dags/etl_finnhub_kafka_s3_bronze.py took 0.556 seconds
[2025-11-30T13:48:55.377+0000] {processor.py:161} INFO - Started process (PID=58) to work on /opt/airflow/dags/etl_finnhub_kafka_s3_bronze.py
[2025-11-30T13:48:55.378+0000] {processor.py:830} INFO - Processing file /opt/airflow/dags/etl_finnhub_kafka_s3_bronze.py for tasks to queue
[2025-11-30T13:48:55.380+0000] {logging_mixin.py:188} INFO - [2025-11-30T13:48:55.380+0000] {dagbag.py:545} INFO - Filling up the DagBag from /opt/airflow/dags/etl_finnhub_kafka_s3_bronze.py
[2025-11-30T13:48:55.609+0000] {processor.py:840} INFO - DAG(s) 'etl_federalcredit_kafka_s3_bronze' retrieved from /opt/airflow/dags/etl_finnhub_kafka_s3_bronze.py
[2025-11-30T13:48:55.639+0000] {logging_mixin.py:188} INFO - [2025-11-30T13:48:55.639+0000] {dag.py:3089} INFO - Sync 1 DAGs
[2025-11-30T13:48:55.685+0000] {processor.py:183} INFO - Processing /opt/airflow/dags/etl_finnhub_kafka_s3_bronze.py took 0.313 seconds
[2025-11-30T13:49:28.821+0000] {processor.py:161} INFO - Started process (PID=59) to work on /opt/airflow/dags/etl_finnhub_kafka_s3_bronze.py
[2025-11-30T13:49:28.822+0000] {processor.py:830} INFO - Processing file /opt/airflow/dags/etl_finnhub_kafka_s3_bronze.py for tasks to queue
[2025-11-30T13:49:28.825+0000] {logging_mixin.py:188} INFO - [2025-11-30T13:49:28.824+0000] {dagbag.py:545} INFO - Filling up the DagBag from /opt/airflow/dags/etl_finnhub_kafka_s3_bronze.py
[2025-11-30T13:49:29.006+0000] {processor.py:840} INFO - DAG(s) 'etl_federalcredit_kafka_s3_bronze' retrieved from /opt/airflow/dags/etl_finnhub_kafka_s3_bronze.py
[2025-11-30T13:49:29.038+0000] {logging_mixin.py:188} INFO - [2025-11-30T13:49:29.037+0000] {dag.py:3089} INFO - Sync 1 DAGs
[2025-11-30T13:49:29.078+0000] {processor.py:183} INFO - Processing /opt/airflow/dags/etl_finnhub_kafka_s3_bronze.py took 0.263 seconds
[2025-11-30T13:50:00.791+0000] {processor.py:161} INFO - Started process (PID=60) to work on /opt/airflow/dags/etl_finnhub_kafka_s3_bronze.py
[2025-11-30T13:50:00.793+0000] {processor.py:830} INFO - Processing file /opt/airflow/dags/etl_finnhub_kafka_s3_bronze.py for tasks to queue
[2025-11-30T13:50:00.795+0000] {logging_mixin.py:188} INFO - [2025-11-30T13:50:00.795+0000] {dagbag.py:545} INFO - Filling up the DagBag from /opt/airflow/dags/etl_finnhub_kafka_s3_bronze.py
[2025-11-30T13:50:00.975+0000] {processor.py:840} INFO - DAG(s) 'etl_federalcredit_kafka_s3_bronze' retrieved from /opt/airflow/dags/etl_finnhub_kafka_s3_bronze.py
[2025-11-30T13:50:01.129+0000] {logging_mixin.py:188} INFO - [2025-11-30T13:50:01.129+0000] {dag.py:3089} INFO - Sync 1 DAGs
[2025-11-30T13:50:01.173+0000] {processor.py:183} INFO - Processing /opt/airflow/dags/etl_finnhub_kafka_s3_bronze.py took 0.389 seconds
[2025-11-30T13:50:32.648+0000] {processor.py:161} INFO - Started process (PID=61) to work on /opt/airflow/dags/etl_finnhub_kafka_s3_bronze.py
[2025-11-30T13:50:32.649+0000] {processor.py:830} INFO - Processing file /opt/airflow/dags/etl_finnhub_kafka_s3_bronze.py for tasks to queue
[2025-11-30T13:50:32.651+0000] {logging_mixin.py:188} INFO - [2025-11-30T13:50:32.651+0000] {dagbag.py:545} INFO - Filling up the DagBag from /opt/airflow/dags/etl_finnhub_kafka_s3_bronze.py
[2025-11-30T13:50:33.037+0000] {processor.py:840} INFO - DAG(s) 'etl_federalcredit_kafka_s3_bronze' retrieved from /opt/airflow/dags/etl_finnhub_kafka_s3_bronze.py
[2025-11-30T13:50:33.091+0000] {logging_mixin.py:188} INFO - [2025-11-30T13:50:33.091+0000] {dag.py:3089} INFO - Sync 1 DAGs
[2025-11-30T13:50:33.167+0000] {processor.py:183} INFO - Processing /opt/airflow/dags/etl_finnhub_kafka_s3_bronze.py took 0.528 seconds
[2025-11-30T13:59:11.928+0000] {processor.py:161} INFO - Started process (PID=42) to work on /opt/airflow/dags/etl_finnhub_kafka_s3_bronze.py
[2025-11-30T13:59:11.944+0000] {processor.py:830} INFO - Processing file /opt/airflow/dags/etl_finnhub_kafka_s3_bronze.py for tasks to queue
[2025-11-30T13:59:11.947+0000] {logging_mixin.py:188} INFO - [2025-11-30T13:59:11.946+0000] {dagbag.py:545} INFO - Filling up the DagBag from /opt/airflow/dags/etl_finnhub_kafka_s3_bronze.py
[2025-11-30T13:59:12.553+0000] {processor.py:840} INFO - DAG(s) 'etl_federalcredit_kafka_s3_bronze' retrieved from /opt/airflow/dags/etl_finnhub_kafka_s3_bronze.py
[2025-11-30T13:59:12.630+0000] {logging_mixin.py:188} INFO - [2025-11-30T13:59:12.630+0000] {dag.py:3089} INFO - Sync 1 DAGs
[2025-11-30T13:59:12.674+0000] {processor.py:183} INFO - Processing /opt/airflow/dags/etl_finnhub_kafka_s3_bronze.py took 0.753 seconds
[2025-11-30T13:59:43.069+0000] {processor.py:161} INFO - Started process (PID=43) to work on /opt/airflow/dags/etl_finnhub_kafka_s3_bronze.py
[2025-11-30T13:59:43.076+0000] {processor.py:830} INFO - Processing file /opt/airflow/dags/etl_finnhub_kafka_s3_bronze.py for tasks to queue
[2025-11-30T13:59:43.084+0000] {logging_mixin.py:188} INFO - [2025-11-30T13:59:43.083+0000] {dagbag.py:545} INFO - Filling up the DagBag from /opt/airflow/dags/etl_finnhub_kafka_s3_bronze.py
[2025-11-30T13:59:43.443+0000] {processor.py:840} INFO - DAG(s) 'etl_federalcredit_kafka_s3_bronze' retrieved from /opt/airflow/dags/etl_finnhub_kafka_s3_bronze.py
[2025-11-30T13:59:43.486+0000] {logging_mixin.py:188} INFO - [2025-11-30T13:59:43.486+0000] {dag.py:3089} INFO - Sync 1 DAGs
[2025-11-30T13:59:43.572+0000] {processor.py:183} INFO - Processing /opt/airflow/dags/etl_finnhub_kafka_s3_bronze.py took 0.515 seconds
[2025-11-30T14:00:14.186+0000] {processor.py:161} INFO - Started process (PID=44) to work on /opt/airflow/dags/etl_finnhub_kafka_s3_bronze.py
[2025-11-30T14:00:14.188+0000] {processor.py:830} INFO - Processing file /opt/airflow/dags/etl_finnhub_kafka_s3_bronze.py for tasks to queue
[2025-11-30T14:00:14.190+0000] {logging_mixin.py:188} INFO - [2025-11-30T14:00:14.190+0000] {dagbag.py:545} INFO - Filling up the DagBag from /opt/airflow/dags/etl_finnhub_kafka_s3_bronze.py
[2025-11-30T14:00:14.392+0000] {processor.py:840} INFO - DAG(s) 'etl_federalcredit_kafka_s3_bronze' retrieved from /opt/airflow/dags/etl_finnhub_kafka_s3_bronze.py
[2025-11-30T14:00:14.431+0000] {logging_mixin.py:188} INFO - [2025-11-30T14:00:14.431+0000] {dag.py:3089} INFO - Sync 1 DAGs
[2025-11-30T14:00:14.484+0000] {processor.py:183} INFO - Processing /opt/airflow/dags/etl_finnhub_kafka_s3_bronze.py took 0.305 seconds
[2025-11-30T14:00:45.154+0000] {processor.py:161} INFO - Started process (PID=45) to work on /opt/airflow/dags/etl_finnhub_kafka_s3_bronze.py
[2025-11-30T14:00:45.155+0000] {processor.py:830} INFO - Processing file /opt/airflow/dags/etl_finnhub_kafka_s3_bronze.py for tasks to queue
[2025-11-30T14:00:45.157+0000] {logging_mixin.py:188} INFO - [2025-11-30T14:00:45.156+0000] {dagbag.py:545} INFO - Filling up the DagBag from /opt/airflow/dags/etl_finnhub_kafka_s3_bronze.py
[2025-11-30T14:00:45.338+0000] {processor.py:840} INFO - DAG(s) 'etl_federalcredit_kafka_s3_bronze' retrieved from /opt/airflow/dags/etl_finnhub_kafka_s3_bronze.py
[2025-11-30T14:00:45.370+0000] {logging_mixin.py:188} INFO - [2025-11-30T14:00:45.370+0000] {dag.py:3089} INFO - Sync 1 DAGs
[2025-11-30T14:00:45.412+0000] {processor.py:183} INFO - Processing /opt/airflow/dags/etl_finnhub_kafka_s3_bronze.py took 0.265 seconds
[2025-11-30T14:01:16.069+0000] {processor.py:161} INFO - Started process (PID=46) to work on /opt/airflow/dags/etl_finnhub_kafka_s3_bronze.py
[2025-11-30T14:01:16.084+0000] {processor.py:830} INFO - Processing file /opt/airflow/dags/etl_finnhub_kafka_s3_bronze.py for tasks to queue
[2025-11-30T14:01:16.092+0000] {logging_mixin.py:188} INFO - [2025-11-30T14:01:16.091+0000] {dagbag.py:545} INFO - Filling up the DagBag from /opt/airflow/dags/etl_finnhub_kafka_s3_bronze.py
[2025-11-30T14:01:16.618+0000] {processor.py:840} INFO - DAG(s) 'etl_federalcredit_kafka_s3_bronze' retrieved from /opt/airflow/dags/etl_finnhub_kafka_s3_bronze.py
[2025-11-30T14:01:16.738+0000] {logging_mixin.py:188} INFO - [2025-11-30T14:01:16.737+0000] {dag.py:3089} INFO - Sync 1 DAGs
[2025-11-30T14:01:16.911+0000] {processor.py:183} INFO - Processing /opt/airflow/dags/etl_finnhub_kafka_s3_bronze.py took 0.862 seconds
[2025-11-30T14:01:46.964+0000] {processor.py:161} INFO - Started process (PID=47) to work on /opt/airflow/dags/etl_finnhub_kafka_s3_bronze.py
[2025-11-30T14:01:46.965+0000] {processor.py:830} INFO - Processing file /opt/airflow/dags/etl_finnhub_kafka_s3_bronze.py for tasks to queue
[2025-11-30T14:01:46.973+0000] {logging_mixin.py:188} INFO - [2025-11-30T14:01:46.971+0000] {dagbag.py:545} INFO - Filling up the DagBag from /opt/airflow/dags/etl_finnhub_kafka_s3_bronze.py
[2025-11-30T14:01:47.242+0000] {processor.py:840} INFO - DAG(s) 'etl_federalcredit_kafka_s3_bronze' retrieved from /opt/airflow/dags/etl_finnhub_kafka_s3_bronze.py
[2025-11-30T14:01:47.351+0000] {logging_mixin.py:188} INFO - [2025-11-30T14:01:47.351+0000] {dag.py:3089} INFO - Sync 1 DAGs
[2025-11-30T14:01:47.423+0000] {processor.py:183} INFO - Processing /opt/airflow/dags/etl_finnhub_kafka_s3_bronze.py took 0.471 seconds
[2025-11-30T14:02:17.497+0000] {processor.py:161} INFO - Started process (PID=48) to work on /opt/airflow/dags/etl_finnhub_kafka_s3_bronze.py
[2025-11-30T14:02:17.498+0000] {processor.py:830} INFO - Processing file /opt/airflow/dags/etl_finnhub_kafka_s3_bronze.py for tasks to queue
[2025-11-30T14:02:17.502+0000] {logging_mixin.py:188} INFO - [2025-11-30T14:02:17.501+0000] {dagbag.py:545} INFO - Filling up the DagBag from /opt/airflow/dags/etl_finnhub_kafka_s3_bronze.py
[2025-11-30T14:02:17.747+0000] {processor.py:840} INFO - DAG(s) 'etl_federalcredit_kafka_s3_bronze' retrieved from /opt/airflow/dags/etl_finnhub_kafka_s3_bronze.py
[2025-11-30T14:02:17.792+0000] {logging_mixin.py:188} INFO - [2025-11-30T14:02:17.792+0000] {dag.py:3089} INFO - Sync 1 DAGs
[2025-11-30T14:02:17.898+0000] {processor.py:183} INFO - Processing /opt/airflow/dags/etl_finnhub_kafka_s3_bronze.py took 0.410 seconds
[2025-11-30T14:02:48.385+0000] {processor.py:161} INFO - Started process (PID=49) to work on /opt/airflow/dags/etl_finnhub_kafka_s3_bronze.py
[2025-11-30T14:02:48.479+0000] {processor.py:830} INFO - Processing file /opt/airflow/dags/etl_finnhub_kafka_s3_bronze.py for tasks to queue
[2025-11-30T14:02:48.490+0000] {logging_mixin.py:188} INFO - [2025-11-30T14:02:48.487+0000] {dagbag.py:545} INFO - Filling up the DagBag from /opt/airflow/dags/etl_finnhub_kafka_s3_bronze.py
[2025-11-30T14:02:48.981+0000] {processor.py:840} INFO - DAG(s) 'etl_federalcredit_kafka_s3_bronze' retrieved from /opt/airflow/dags/etl_finnhub_kafka_s3_bronze.py
[2025-11-30T14:02:49.084+0000] {logging_mixin.py:188} INFO - [2025-11-30T14:02:49.084+0000] {dag.py:3089} INFO - Sync 1 DAGs
[2025-11-30T14:02:49.256+0000] {processor.py:183} INFO - Processing /opt/airflow/dags/etl_finnhub_kafka_s3_bronze.py took 0.878 seconds
[2025-11-30T14:03:19.816+0000] {processor.py:161} INFO - Started process (PID=50) to work on /opt/airflow/dags/etl_finnhub_kafka_s3_bronze.py
[2025-11-30T14:03:19.817+0000] {processor.py:830} INFO - Processing file /opt/airflow/dags/etl_finnhub_kafka_s3_bronze.py for tasks to queue
[2025-11-30T14:03:19.821+0000] {logging_mixin.py:188} INFO - [2025-11-30T14:03:19.820+0000] {dagbag.py:545} INFO - Filling up the DagBag from /opt/airflow/dags/etl_finnhub_kafka_s3_bronze.py
[2025-11-30T14:03:20.111+0000] {processor.py:840} INFO - DAG(s) 'etl_federalcredit_kafka_s3_bronze' retrieved from /opt/airflow/dags/etl_finnhub_kafka_s3_bronze.py
[2025-11-30T14:03:20.203+0000] {logging_mixin.py:188} INFO - [2025-11-30T14:03:20.203+0000] {dag.py:3089} INFO - Sync 1 DAGs
[2025-11-30T14:03:20.376+0000] {processor.py:183} INFO - Processing /opt/airflow/dags/etl_finnhub_kafka_s3_bronze.py took 0.569 seconds
[2025-11-30T14:03:51.136+0000] {processor.py:161} INFO - Started process (PID=51) to work on /opt/airflow/dags/etl_finnhub_kafka_s3_bronze.py
[2025-11-30T14:03:51.137+0000] {processor.py:830} INFO - Processing file /opt/airflow/dags/etl_finnhub_kafka_s3_bronze.py for tasks to queue
[2025-11-30T14:03:51.141+0000] {logging_mixin.py:188} INFO - [2025-11-30T14:03:51.140+0000] {dagbag.py:545} INFO - Filling up the DagBag from /opt/airflow/dags/etl_finnhub_kafka_s3_bronze.py
[2025-11-30T14:03:51.360+0000] {processor.py:840} INFO - DAG(s) 'etl_federalcredit_kafka_s3_bronze' retrieved from /opt/airflow/dags/etl_finnhub_kafka_s3_bronze.py
[2025-11-30T14:03:51.390+0000] {logging_mixin.py:188} INFO - [2025-11-30T14:03:51.390+0000] {dag.py:3089} INFO - Sync 1 DAGs
[2025-11-30T14:03:51.451+0000] {processor.py:183} INFO - Processing /opt/airflow/dags/etl_finnhub_kafka_s3_bronze.py took 0.323 seconds
[2025-11-30T14:04:21.613+0000] {processor.py:161} INFO - Started process (PID=52) to work on /opt/airflow/dags/etl_finnhub_kafka_s3_bronze.py
[2025-11-30T14:04:21.620+0000] {processor.py:830} INFO - Processing file /opt/airflow/dags/etl_finnhub_kafka_s3_bronze.py for tasks to queue
[2025-11-30T14:04:21.642+0000] {logging_mixin.py:188} INFO - [2025-11-30T14:04:21.639+0000] {dagbag.py:545} INFO - Filling up the DagBag from /opt/airflow/dags/etl_finnhub_kafka_s3_bronze.py
[2025-11-30T14:04:22.119+0000] {processor.py:840} INFO - DAG(s) 'etl_federalcredit_kafka_s3_bronze' retrieved from /opt/airflow/dags/etl_finnhub_kafka_s3_bronze.py
[2025-11-30T14:04:22.220+0000] {logging_mixin.py:188} INFO - [2025-11-30T14:04:22.220+0000] {dag.py:3089} INFO - Sync 1 DAGs
[2025-11-30T14:04:22.332+0000] {processor.py:183} INFO - Processing /opt/airflow/dags/etl_finnhub_kafka_s3_bronze.py took 0.735 seconds
[2025-11-30T14:04:53.086+0000] {processor.py:161} INFO - Started process (PID=53) to work on /opt/airflow/dags/etl_finnhub_kafka_s3_bronze.py
[2025-11-30T14:04:53.087+0000] {processor.py:830} INFO - Processing file /opt/airflow/dags/etl_finnhub_kafka_s3_bronze.py for tasks to queue
[2025-11-30T14:04:53.090+0000] {logging_mixin.py:188} INFO - [2025-11-30T14:04:53.090+0000] {dagbag.py:545} INFO - Filling up the DagBag from /opt/airflow/dags/etl_finnhub_kafka_s3_bronze.py
[2025-11-30T14:04:53.473+0000] {processor.py:840} INFO - DAG(s) 'etl_federalcredit_kafka_s3_bronze' retrieved from /opt/airflow/dags/etl_finnhub_kafka_s3_bronze.py
[2025-11-30T14:04:53.531+0000] {logging_mixin.py:188} INFO - [2025-11-30T14:04:53.530+0000] {dag.py:3089} INFO - Sync 1 DAGs
[2025-11-30T14:04:53.637+0000] {processor.py:183} INFO - Processing /opt/airflow/dags/etl_finnhub_kafka_s3_bronze.py took 0.561 seconds
[2025-11-30T14:05:23.690+0000] {processor.py:161} INFO - Started process (PID=54) to work on /opt/airflow/dags/etl_finnhub_kafka_s3_bronze.py
[2025-11-30T14:05:23.691+0000] {processor.py:830} INFO - Processing file /opt/airflow/dags/etl_finnhub_kafka_s3_bronze.py for tasks to queue
[2025-11-30T14:05:23.694+0000] {logging_mixin.py:188} INFO - [2025-11-30T14:05:23.693+0000] {dagbag.py:545} INFO - Filling up the DagBag from /opt/airflow/dags/etl_finnhub_kafka_s3_bronze.py
[2025-11-30T14:05:23.923+0000] {processor.py:840} INFO - DAG(s) 'etl_federalcredit_kafka_s3_bronze' retrieved from /opt/airflow/dags/etl_finnhub_kafka_s3_bronze.py
[2025-11-30T14:05:23.968+0000] {logging_mixin.py:188} INFO - [2025-11-30T14:05:23.968+0000] {dag.py:3089} INFO - Sync 1 DAGs
[2025-11-30T14:05:24.019+0000] {processor.py:183} INFO - Processing /opt/airflow/dags/etl_finnhub_kafka_s3_bronze.py took 0.336 seconds
[2025-11-30T14:05:54.287+0000] {processor.py:161} INFO - Started process (PID=55) to work on /opt/airflow/dags/etl_finnhub_kafka_s3_bronze.py
[2025-11-30T14:05:54.289+0000] {processor.py:830} INFO - Processing file /opt/airflow/dags/etl_finnhub_kafka_s3_bronze.py for tasks to queue
[2025-11-30T14:05:54.291+0000] {logging_mixin.py:188} INFO - [2025-11-30T14:05:54.290+0000] {dagbag.py:545} INFO - Filling up the DagBag from /opt/airflow/dags/etl_finnhub_kafka_s3_bronze.py
[2025-11-30T14:05:54.479+0000] {processor.py:840} INFO - DAG(s) 'etl_federalcredit_kafka_s3_bronze' retrieved from /opt/airflow/dags/etl_finnhub_kafka_s3_bronze.py
[2025-11-30T14:05:54.516+0000] {logging_mixin.py:188} INFO - [2025-11-30T14:05:54.515+0000] {dag.py:3089} INFO - Sync 1 DAGs
[2025-11-30T14:05:54.562+0000] {processor.py:183} INFO - Processing /opt/airflow/dags/etl_finnhub_kafka_s3_bronze.py took 0.281 seconds
[2025-11-30T14:06:24.768+0000] {processor.py:161} INFO - Started process (PID=56) to work on /opt/airflow/dags/etl_finnhub_kafka_s3_bronze.py
[2025-11-30T14:06:24.771+0000] {processor.py:830} INFO - Processing file /opt/airflow/dags/etl_finnhub_kafka_s3_bronze.py for tasks to queue
[2025-11-30T14:06:24.783+0000] {logging_mixin.py:188} INFO - [2025-11-30T14:06:24.782+0000] {dagbag.py:545} INFO - Filling up the DagBag from /opt/airflow/dags/etl_finnhub_kafka_s3_bronze.py
[2025-11-30T14:06:25.296+0000] {processor.py:840} INFO - DAG(s) 'etl_federalcredit_kafka_s3_bronze' retrieved from /opt/airflow/dags/etl_finnhub_kafka_s3_bronze.py
[2025-11-30T14:06:25.332+0000] {logging_mixin.py:188} INFO - [2025-11-30T14:06:25.332+0000] {dag.py:3089} INFO - Sync 1 DAGs
[2025-11-30T14:06:25.384+0000] {processor.py:183} INFO - Processing /opt/airflow/dags/etl_finnhub_kafka_s3_bronze.py took 0.638 seconds
[2025-11-30T14:06:55.803+0000] {processor.py:161} INFO - Started process (PID=57) to work on /opt/airflow/dags/etl_finnhub_kafka_s3_bronze.py
[2025-11-30T14:06:55.805+0000] {processor.py:830} INFO - Processing file /opt/airflow/dags/etl_finnhub_kafka_s3_bronze.py for tasks to queue
[2025-11-30T14:06:55.819+0000] {logging_mixin.py:188} INFO - [2025-11-30T14:06:55.818+0000] {dagbag.py:545} INFO - Filling up the DagBag from /opt/airflow/dags/etl_finnhub_kafka_s3_bronze.py
[2025-11-30T14:06:56.176+0000] {processor.py:840} INFO - DAG(s) 'etl_federalcredit_kafka_s3_bronze' retrieved from /opt/airflow/dags/etl_finnhub_kafka_s3_bronze.py
[2025-11-30T14:06:56.269+0000] {logging_mixin.py:188} INFO - [2025-11-30T14:06:56.269+0000] {dag.py:3089} INFO - Sync 1 DAGs
[2025-11-30T14:06:56.357+0000] {processor.py:183} INFO - Processing /opt/airflow/dags/etl_finnhub_kafka_s3_bronze.py took 0.582 seconds
[2025-11-30T14:07:07.389+0000] {processor.py:161} INFO - Started process (PID=58) to work on /opt/airflow/dags/etl_finnhub_kafka_s3_bronze.py
[2025-11-30T14:07:07.396+0000] {processor.py:830} INFO - Processing file /opt/airflow/dags/etl_finnhub_kafka_s3_bronze.py for tasks to queue
[2025-11-30T14:07:07.428+0000] {logging_mixin.py:188} INFO - [2025-11-30T14:07:07.422+0000] {dagbag.py:545} INFO - Filling up the DagBag from /opt/airflow/dags/etl_finnhub_kafka_s3_bronze.py
[2025-11-30T14:09:36.650+0000] {processor.py:161} INFO - Started process (PID=43) to work on /opt/airflow/dags/etl_finnhub_kafka_s3_bronze.py
[2025-11-30T14:09:36.651+0000] {processor.py:830} INFO - Processing file /opt/airflow/dags/etl_finnhub_kafka_s3_bronze.py for tasks to queue
[2025-11-30T14:09:36.654+0000] {logging_mixin.py:188} INFO - [2025-11-30T14:09:36.653+0000] {dagbag.py:545} INFO - Filling up the DagBag from /opt/airflow/dags/etl_finnhub_kafka_s3_bronze.py
[2025-11-30T14:09:37.751+0000] {processor.py:840} INFO - DAG(s) 'etl_federalcredit_kafka_s3_bronze' retrieved from /opt/airflow/dags/etl_finnhub_kafka_s3_bronze.py
[2025-11-30T14:09:38.024+0000] {logging_mixin.py:188} INFO - [2025-11-30T14:09:38.023+0000] {dag.py:3089} INFO - Sync 1 DAGs
[2025-11-30T14:09:38.187+0000] {processor.py:183} INFO - Processing /opt/airflow/dags/etl_finnhub_kafka_s3_bronze.py took 1.544 seconds
[2025-11-30T14:10:08.729+0000] {processor.py:161} INFO - Started process (PID=44) to work on /opt/airflow/dags/etl_finnhub_kafka_s3_bronze.py
[2025-11-30T14:10:08.730+0000] {processor.py:830} INFO - Processing file /opt/airflow/dags/etl_finnhub_kafka_s3_bronze.py for tasks to queue
[2025-11-30T14:10:08.741+0000] {logging_mixin.py:188} INFO - [2025-11-30T14:10:08.740+0000] {dagbag.py:545} INFO - Filling up the DagBag from /opt/airflow/dags/etl_finnhub_kafka_s3_bronze.py
[2025-11-30T14:10:08.970+0000] {processor.py:840} INFO - DAG(s) 'etl_federalcredit_kafka_s3_bronze' retrieved from /opt/airflow/dags/etl_finnhub_kafka_s3_bronze.py
[2025-11-30T14:10:09.011+0000] {logging_mixin.py:188} INFO - [2025-11-30T14:10:09.011+0000] {dag.py:3089} INFO - Sync 1 DAGs
[2025-11-30T14:10:09.056+0000] {processor.py:183} INFO - Processing /opt/airflow/dags/etl_finnhub_kafka_s3_bronze.py took 0.336 seconds
[2025-11-30T14:10:39.247+0000] {processor.py:161} INFO - Started process (PID=45) to work on /opt/airflow/dags/etl_finnhub_kafka_s3_bronze.py
[2025-11-30T14:10:39.249+0000] {processor.py:830} INFO - Processing file /opt/airflow/dags/etl_finnhub_kafka_s3_bronze.py for tasks to queue
[2025-11-30T14:10:39.252+0000] {logging_mixin.py:188} INFO - [2025-11-30T14:10:39.252+0000] {dagbag.py:545} INFO - Filling up the DagBag from /opt/airflow/dags/etl_finnhub_kafka_s3_bronze.py
[2025-11-30T14:10:39.458+0000] {processor.py:840} INFO - DAG(s) 'etl_federalcredit_kafka_s3_bronze' retrieved from /opt/airflow/dags/etl_finnhub_kafka_s3_bronze.py
[2025-11-30T14:10:39.490+0000] {logging_mixin.py:188} INFO - [2025-11-30T14:10:39.490+0000] {dag.py:3089} INFO - Sync 1 DAGs
[2025-11-30T14:10:39.532+0000] {processor.py:183} INFO - Processing /opt/airflow/dags/etl_finnhub_kafka_s3_bronze.py took 0.292 seconds
[2025-11-30T14:11:09.620+0000] {processor.py:161} INFO - Started process (PID=46) to work on /opt/airflow/dags/etl_finnhub_kafka_s3_bronze.py
[2025-11-30T14:11:09.918+0000] {processor.py:830} INFO - Processing file /opt/airflow/dags/etl_finnhub_kafka_s3_bronze.py for tasks to queue
[2025-11-30T14:11:09.929+0000] {logging_mixin.py:188} INFO - [2025-11-30T14:11:09.926+0000] {dagbag.py:545} INFO - Filling up the DagBag from /opt/airflow/dags/etl_finnhub_kafka_s3_bronze.py
[2025-11-30T14:11:10.483+0000] {processor.py:840} INFO - DAG(s) 'etl_federalcredit_kafka_s3_bronze' retrieved from /opt/airflow/dags/etl_finnhub_kafka_s3_bronze.py
[2025-11-30T14:11:10.567+0000] {logging_mixin.py:188} INFO - [2025-11-30T14:11:10.567+0000] {dag.py:3089} INFO - Sync 1 DAGs
[2025-11-30T14:11:10.708+0000] {processor.py:183} INFO - Processing /opt/airflow/dags/etl_finnhub_kafka_s3_bronze.py took 1.119 seconds
[2025-11-30T14:11:42.371+0000] {processor.py:161} INFO - Started process (PID=47) to work on /opt/airflow/dags/etl_finnhub_kafka_s3_bronze.py
[2025-11-30T14:11:42.372+0000] {processor.py:830} INFO - Processing file /opt/airflow/dags/etl_finnhub_kafka_s3_bronze.py for tasks to queue
[2025-11-30T14:11:42.376+0000] {logging_mixin.py:188} INFO - [2025-11-30T14:11:42.375+0000] {dagbag.py:545} INFO - Filling up the DagBag from /opt/airflow/dags/etl_finnhub_kafka_s3_bronze.py
[2025-11-30T14:11:42.623+0000] {processor.py:840} INFO - DAG(s) 'etl_federalcredit_kafka_s3_bronze' retrieved from /opt/airflow/dags/etl_finnhub_kafka_s3_bronze.py
[2025-11-30T14:11:42.696+0000] {logging_mixin.py:188} INFO - [2025-11-30T14:11:42.696+0000] {dag.py:3089} INFO - Sync 1 DAGs
[2025-11-30T14:11:42.760+0000] {processor.py:183} INFO - Processing /opt/airflow/dags/etl_finnhub_kafka_s3_bronze.py took 0.396 seconds
[2025-11-30T14:12:13.284+0000] {processor.py:161} INFO - Started process (PID=48) to work on /opt/airflow/dags/etl_finnhub_kafka_s3_bronze.py
[2025-11-30T14:12:13.288+0000] {processor.py:830} INFO - Processing file /opt/airflow/dags/etl_finnhub_kafka_s3_bronze.py for tasks to queue
[2025-11-30T14:12:13.296+0000] {logging_mixin.py:188} INFO - [2025-11-30T14:12:13.295+0000] {dagbag.py:545} INFO - Filling up the DagBag from /opt/airflow/dags/etl_finnhub_kafka_s3_bronze.py
[2025-11-30T14:12:13.577+0000] {processor.py:840} INFO - DAG(s) 'etl_federalcredit_kafka_s3_bronze' retrieved from /opt/airflow/dags/etl_finnhub_kafka_s3_bronze.py
[2025-11-30T14:12:13.632+0000] {logging_mixin.py:188} INFO - [2025-11-30T14:12:13.632+0000] {dag.py:3089} INFO - Sync 1 DAGs
[2025-11-30T14:12:13.708+0000] {processor.py:183} INFO - Processing /opt/airflow/dags/etl_finnhub_kafka_s3_bronze.py took 0.458 seconds
[2025-11-30T14:12:45.478+0000] {processor.py:161} INFO - Started process (PID=49) to work on /opt/airflow/dags/etl_finnhub_kafka_s3_bronze.py
[2025-11-30T14:12:45.480+0000] {processor.py:830} INFO - Processing file /opt/airflow/dags/etl_finnhub_kafka_s3_bronze.py for tasks to queue
[2025-11-30T14:12:45.482+0000] {logging_mixin.py:188} INFO - [2025-11-30T14:12:45.482+0000] {dagbag.py:545} INFO - Filling up the DagBag from /opt/airflow/dags/etl_finnhub_kafka_s3_bronze.py
[2025-11-30T14:12:45.712+0000] {processor.py:840} INFO - DAG(s) 'etl_federalcredit_kafka_s3_bronze' retrieved from /opt/airflow/dags/etl_finnhub_kafka_s3_bronze.py
[2025-11-30T14:12:45.751+0000] {logging_mixin.py:188} INFO - [2025-11-30T14:12:45.751+0000] {dag.py:3089} INFO - Sync 1 DAGs
[2025-11-30T14:12:45.801+0000] {processor.py:183} INFO - Processing /opt/airflow/dags/etl_finnhub_kafka_s3_bronze.py took 0.332 seconds
[2025-11-30T14:13:17.464+0000] {processor.py:161} INFO - Started process (PID=50) to work on /opt/airflow/dags/etl_finnhub_kafka_s3_bronze.py
[2025-11-30T14:13:17.465+0000] {processor.py:830} INFO - Processing file /opt/airflow/dags/etl_finnhub_kafka_s3_bronze.py for tasks to queue
[2025-11-30T14:13:17.468+0000] {logging_mixin.py:188} INFO - [2025-11-30T14:13:17.467+0000] {dagbag.py:545} INFO - Filling up the DagBag from /opt/airflow/dags/etl_finnhub_kafka_s3_bronze.py
[2025-11-30T14:13:17.714+0000] {processor.py:840} INFO - DAG(s) 'etl_federalcredit_kafka_s3_bronze' retrieved from /opt/airflow/dags/etl_finnhub_kafka_s3_bronze.py
[2025-11-30T14:13:17.750+0000] {logging_mixin.py:188} INFO - [2025-11-30T14:13:17.750+0000] {dag.py:3089} INFO - Sync 1 DAGs
[2025-11-30T14:13:17.799+0000] {processor.py:183} INFO - Processing /opt/airflow/dags/etl_finnhub_kafka_s3_bronze.py took 0.342 seconds
[2025-11-30T14:13:49.027+0000] {processor.py:161} INFO - Started process (PID=51) to work on /opt/airflow/dags/etl_finnhub_kafka_s3_bronze.py
[2025-11-30T14:13:49.028+0000] {processor.py:830} INFO - Processing file /opt/airflow/dags/etl_finnhub_kafka_s3_bronze.py for tasks to queue
[2025-11-30T14:13:49.031+0000] {logging_mixin.py:188} INFO - [2025-11-30T14:13:49.030+0000] {dagbag.py:545} INFO - Filling up the DagBag from /opt/airflow/dags/etl_finnhub_kafka_s3_bronze.py
[2025-11-30T14:13:49.225+0000] {processor.py:840} INFO - DAG(s) 'etl_federalcredit_kafka_s3_bronze' retrieved from /opt/airflow/dags/etl_finnhub_kafka_s3_bronze.py
[2025-11-30T14:13:49.259+0000] {logging_mixin.py:188} INFO - [2025-11-30T14:13:49.259+0000] {dag.py:3089} INFO - Sync 1 DAGs
[2025-11-30T14:13:49.305+0000] {processor.py:183} INFO - Processing /opt/airflow/dags/etl_finnhub_kafka_s3_bronze.py took 0.284 seconds
[2025-11-30T14:14:22.493+0000] {processor.py:161} INFO - Started process (PID=52) to work on /opt/airflow/dags/etl_finnhub_kafka_s3_bronze.py
[2025-11-30T14:14:22.495+0000] {processor.py:830} INFO - Processing file /opt/airflow/dags/etl_finnhub_kafka_s3_bronze.py for tasks to queue
[2025-11-30T14:14:22.500+0000] {logging_mixin.py:188} INFO - [2025-11-30T14:14:22.499+0000] {dagbag.py:545} INFO - Filling up the DagBag from /opt/airflow/dags/etl_finnhub_kafka_s3_bronze.py
[2025-11-30T14:14:22.734+0000] {processor.py:840} INFO - DAG(s) 'etl_federalcredit_kafka_s3_bronze' retrieved from /opt/airflow/dags/etl_finnhub_kafka_s3_bronze.py
[2025-11-30T14:14:22.774+0000] {logging_mixin.py:188} INFO - [2025-11-30T14:14:22.774+0000] {dag.py:3089} INFO - Sync 1 DAGs
[2025-11-30T14:14:22.827+0000] {processor.py:183} INFO - Processing /opt/airflow/dags/etl_finnhub_kafka_s3_bronze.py took 0.346 seconds
[2025-11-30T14:14:53.827+0000] {processor.py:161} INFO - Started process (PID=53) to work on /opt/airflow/dags/etl_finnhub_kafka_s3_bronze.py
[2025-11-30T14:14:53.829+0000] {processor.py:830} INFO - Processing file /opt/airflow/dags/etl_finnhub_kafka_s3_bronze.py for tasks to queue
[2025-11-30T14:14:53.835+0000] {logging_mixin.py:188} INFO - [2025-11-30T14:14:53.834+0000] {dagbag.py:545} INFO - Filling up the DagBag from /opt/airflow/dags/etl_finnhub_kafka_s3_bronze.py
[2025-11-30T14:14:54.063+0000] {processor.py:840} INFO - DAG(s) 'etl_federalcredit_kafka_s3_bronze' retrieved from /opt/airflow/dags/etl_finnhub_kafka_s3_bronze.py
[2025-11-30T14:14:54.101+0000] {logging_mixin.py:188} INFO - [2025-11-30T14:14:54.101+0000] {dag.py:3089} INFO - Sync 1 DAGs
[2025-11-30T14:14:54.141+0000] {processor.py:183} INFO - Processing /opt/airflow/dags/etl_finnhub_kafka_s3_bronze.py took 0.321 seconds
[2025-11-30T14:15:25.365+0000] {processor.py:161} INFO - Started process (PID=54) to work on /opt/airflow/dags/etl_finnhub_kafka_s3_bronze.py
[2025-11-30T14:15:25.366+0000] {processor.py:830} INFO - Processing file /opt/airflow/dags/etl_finnhub_kafka_s3_bronze.py for tasks to queue
[2025-11-30T14:15:25.369+0000] {logging_mixin.py:188} INFO - [2025-11-30T14:15:25.369+0000] {dagbag.py:545} INFO - Filling up the DagBag from /opt/airflow/dags/etl_finnhub_kafka_s3_bronze.py
[2025-11-30T14:15:25.568+0000] {processor.py:840} INFO - DAG(s) 'etl_federalcredit_kafka_s3_bronze' retrieved from /opt/airflow/dags/etl_finnhub_kafka_s3_bronze.py
[2025-11-30T14:15:25.603+0000] {logging_mixin.py:188} INFO - [2025-11-30T14:15:25.603+0000] {dag.py:3089} INFO - Sync 1 DAGs
[2025-11-30T14:15:25.648+0000] {processor.py:183} INFO - Processing /opt/airflow/dags/etl_finnhub_kafka_s3_bronze.py took 0.290 seconds
[2025-11-30T14:15:56.594+0000] {processor.py:161} INFO - Started process (PID=55) to work on /opt/airflow/dags/etl_finnhub_kafka_s3_bronze.py
[2025-11-30T14:15:56.596+0000] {processor.py:830} INFO - Processing file /opt/airflow/dags/etl_finnhub_kafka_s3_bronze.py for tasks to queue
[2025-11-30T14:15:56.598+0000] {logging_mixin.py:188} INFO - [2025-11-30T14:15:56.598+0000] {dagbag.py:545} INFO - Filling up the DagBag from /opt/airflow/dags/etl_finnhub_kafka_s3_bronze.py
[2025-11-30T14:15:56.813+0000] {processor.py:840} INFO - DAG(s) 'etl_federalcredit_kafka_s3_bronze' retrieved from /opt/airflow/dags/etl_finnhub_kafka_s3_bronze.py
[2025-11-30T14:15:56.851+0000] {logging_mixin.py:188} INFO - [2025-11-30T14:15:56.851+0000] {dag.py:3089} INFO - Sync 1 DAGs
[2025-11-30T14:15:56.900+0000] {processor.py:183} INFO - Processing /opt/airflow/dags/etl_finnhub_kafka_s3_bronze.py took 0.313 seconds
[2025-11-30T14:16:27.439+0000] {processor.py:161} INFO - Started process (PID=56) to work on /opt/airflow/dags/etl_finnhub_kafka_s3_bronze.py
[2025-11-30T14:16:27.440+0000] {processor.py:830} INFO - Processing file /opt/airflow/dags/etl_finnhub_kafka_s3_bronze.py for tasks to queue
[2025-11-30T14:16:27.442+0000] {logging_mixin.py:188} INFO - [2025-11-30T14:16:27.442+0000] {dagbag.py:545} INFO - Filling up the DagBag from /opt/airflow/dags/etl_finnhub_kafka_s3_bronze.py
[2025-11-30T14:16:27.628+0000] {processor.py:840} INFO - DAG(s) 'etl_federalcredit_kafka_s3_bronze' retrieved from /opt/airflow/dags/etl_finnhub_kafka_s3_bronze.py
[2025-11-30T14:16:27.667+0000] {logging_mixin.py:188} INFO - [2025-11-30T14:16:27.666+0000] {dag.py:3089} INFO - Sync 1 DAGs
[2025-11-30T14:16:27.713+0000] {processor.py:183} INFO - Processing /opt/airflow/dags/etl_finnhub_kafka_s3_bronze.py took 0.279 seconds
[2025-11-30T14:16:57.808+0000] {processor.py:161} INFO - Started process (PID=57) to work on /opt/airflow/dags/etl_finnhub_kafka_s3_bronze.py
[2025-11-30T14:16:57.809+0000] {processor.py:830} INFO - Processing file /opt/airflow/dags/etl_finnhub_kafka_s3_bronze.py for tasks to queue
[2025-11-30T14:16:57.812+0000] {logging_mixin.py:188} INFO - [2025-11-30T14:16:57.811+0000] {dagbag.py:545} INFO - Filling up the DagBag from /opt/airflow/dags/etl_finnhub_kafka_s3_bronze.py
[2025-11-30T14:16:58.003+0000] {processor.py:840} INFO - DAG(s) 'etl_federalcredit_kafka_s3_bronze' retrieved from /opt/airflow/dags/etl_finnhub_kafka_s3_bronze.py
[2025-11-30T14:16:58.036+0000] {logging_mixin.py:188} INFO - [2025-11-30T14:16:58.036+0000] {dag.py:3089} INFO - Sync 1 DAGs
[2025-11-30T14:16:58.080+0000] {processor.py:183} INFO - Processing /opt/airflow/dags/etl_finnhub_kafka_s3_bronze.py took 0.278 seconds
[2025-11-30T14:34:43.203+0000] {processor.py:161} INFO - Started process (PID=42) to work on /opt/airflow/dags/etl_finnhub_kafka_s3_bronze.py
[2025-11-30T14:34:43.208+0000] {processor.py:830} INFO - Processing file /opt/airflow/dags/etl_finnhub_kafka_s3_bronze.py for tasks to queue
[2025-11-30T14:34:43.211+0000] {logging_mixin.py:188} INFO - [2025-11-30T14:34:43.211+0000] {dagbag.py:545} INFO - Filling up the DagBag from /opt/airflow/dags/etl_finnhub_kafka_s3_bronze.py
[2025-11-30T14:34:44.018+0000] {processor.py:840} INFO - DAG(s) 'etl_federalcredit_kafka_s3_bronze' retrieved from /opt/airflow/dags/etl_finnhub_kafka_s3_bronze.py
[2025-11-30T14:34:44.108+0000] {logging_mixin.py:188} INFO - [2025-11-30T14:34:44.107+0000] {dag.py:3089} INFO - Sync 1 DAGs
[2025-11-30T14:34:44.157+0000] {processor.py:183} INFO - Processing /opt/airflow/dags/etl_finnhub_kafka_s3_bronze.py took 0.962 seconds
[2025-11-30T14:35:15.396+0000] {processor.py:161} INFO - Started process (PID=43) to work on /opt/airflow/dags/etl_finnhub_kafka_s3_bronze.py
[2025-11-30T14:35:15.406+0000] {processor.py:830} INFO - Processing file /opt/airflow/dags/etl_finnhub_kafka_s3_bronze.py for tasks to queue
[2025-11-30T14:35:15.410+0000] {logging_mixin.py:188} INFO - [2025-11-30T14:35:15.409+0000] {dagbag.py:545} INFO - Filling up the DagBag from /opt/airflow/dags/etl_finnhub_kafka_s3_bronze.py
[2025-11-30T14:35:16.339+0000] {processor.py:840} INFO - DAG(s) 'etl_federalcredit_kafka_s3_bronze' retrieved from /opt/airflow/dags/etl_finnhub_kafka_s3_bronze.py
[2025-11-30T14:35:16.514+0000] {logging_mixin.py:188} INFO - [2025-11-30T14:35:16.513+0000] {dag.py:3089} INFO - Sync 1 DAGs
[2025-11-30T14:35:16.688+0000] {processor.py:183} INFO - Processing /opt/airflow/dags/etl_finnhub_kafka_s3_bronze.py took 1.306 seconds
[2025-11-30T14:35:47.389+0000] {processor.py:161} INFO - Started process (PID=44) to work on /opt/airflow/dags/etl_finnhub_kafka_s3_bronze.py
[2025-11-30T14:35:47.390+0000] {processor.py:830} INFO - Processing file /opt/airflow/dags/etl_finnhub_kafka_s3_bronze.py for tasks to queue
[2025-11-30T14:35:47.396+0000] {logging_mixin.py:188} INFO - [2025-11-30T14:35:47.394+0000] {dagbag.py:545} INFO - Filling up the DagBag from /opt/airflow/dags/etl_finnhub_kafka_s3_bronze.py
[2025-11-30T14:35:47.733+0000] {processor.py:840} INFO - DAG(s) 'etl_federalcredit_kafka_s3_bronze' retrieved from /opt/airflow/dags/etl_finnhub_kafka_s3_bronze.py
[2025-11-30T14:35:47.823+0000] {logging_mixin.py:188} INFO - [2025-11-30T14:35:47.823+0000] {dag.py:3089} INFO - Sync 1 DAGs
[2025-11-30T14:35:47.917+0000] {processor.py:183} INFO - Processing /opt/airflow/dags/etl_finnhub_kafka_s3_bronze.py took 0.538 seconds
[2025-11-30T14:36:18.560+0000] {processor.py:161} INFO - Started process (PID=45) to work on /opt/airflow/dags/etl_finnhub_kafka_s3_bronze.py
[2025-11-30T14:36:18.651+0000] {processor.py:830} INFO - Processing file /opt/airflow/dags/etl_finnhub_kafka_s3_bronze.py for tasks to queue
[2025-11-30T14:36:18.661+0000] {logging_mixin.py:188} INFO - [2025-11-30T14:36:18.660+0000] {dagbag.py:545} INFO - Filling up the DagBag from /opt/airflow/dags/etl_finnhub_kafka_s3_bronze.py
[2025-11-30T14:36:18.923+0000] {processor.py:840} INFO - DAG(s) 'etl_federalcredit_kafka_s3_bronze' retrieved from /opt/airflow/dags/etl_finnhub_kafka_s3_bronze.py
[2025-11-30T14:36:18.993+0000] {logging_mixin.py:188} INFO - [2025-11-30T14:36:18.993+0000] {dag.py:3089} INFO - Sync 1 DAGs
[2025-11-30T14:36:19.057+0000] {processor.py:183} INFO - Processing /opt/airflow/dags/etl_finnhub_kafka_s3_bronze.py took 0.504 seconds
[2025-11-30T14:36:49.395+0000] {processor.py:161} INFO - Started process (PID=46) to work on /opt/airflow/dags/etl_finnhub_kafka_s3_bronze.py
[2025-11-30T14:36:49.396+0000] {processor.py:830} INFO - Processing file /opt/airflow/dags/etl_finnhub_kafka_s3_bronze.py for tasks to queue
[2025-11-30T14:36:49.403+0000] {logging_mixin.py:188} INFO - [2025-11-30T14:36:49.403+0000] {dagbag.py:545} INFO - Filling up the DagBag from /opt/airflow/dags/etl_finnhub_kafka_s3_bronze.py
[2025-11-30T14:36:49.603+0000] {processor.py:840} INFO - DAG(s) 'etl_federalcredit_kafka_s3_bronze' retrieved from /opt/airflow/dags/etl_finnhub_kafka_s3_bronze.py
[2025-11-30T14:36:49.636+0000] {logging_mixin.py:188} INFO - [2025-11-30T14:36:49.636+0000] {dag.py:3089} INFO - Sync 1 DAGs
[2025-11-30T14:36:49.678+0000] {processor.py:183} INFO - Processing /opt/airflow/dags/etl_finnhub_kafka_s3_bronze.py took 0.292 seconds
[2025-11-30T14:37:20.477+0000] {processor.py:161} INFO - Started process (PID=47) to work on /opt/airflow/dags/etl_finnhub_kafka_s3_bronze.py
[2025-11-30T14:37:20.478+0000] {processor.py:830} INFO - Processing file /opt/airflow/dags/etl_finnhub_kafka_s3_bronze.py for tasks to queue
[2025-11-30T14:37:20.480+0000] {logging_mixin.py:188} INFO - [2025-11-30T14:37:20.480+0000] {dagbag.py:545} INFO - Filling up the DagBag from /opt/airflow/dags/etl_finnhub_kafka_s3_bronze.py
[2025-11-30T14:37:20.666+0000] {processor.py:840} INFO - DAG(s) 'etl_federalcredit_kafka_s3_bronze' retrieved from /opt/airflow/dags/etl_finnhub_kafka_s3_bronze.py
[2025-11-30T14:37:20.699+0000] {logging_mixin.py:188} INFO - [2025-11-30T14:37:20.698+0000] {dag.py:3089} INFO - Sync 1 DAGs
[2025-11-30T14:37:20.742+0000] {processor.py:183} INFO - Processing /opt/airflow/dags/etl_finnhub_kafka_s3_bronze.py took 0.270 seconds
[2025-11-30T14:37:50.832+0000] {processor.py:161} INFO - Started process (PID=48) to work on /opt/airflow/dags/etl_finnhub_kafka_s3_bronze.py
[2025-11-30T14:37:50.833+0000] {processor.py:830} INFO - Processing file /opt/airflow/dags/etl_finnhub_kafka_s3_bronze.py for tasks to queue
[2025-11-30T14:37:50.835+0000] {logging_mixin.py:188} INFO - [2025-11-30T14:37:50.835+0000] {dagbag.py:545} INFO - Filling up the DagBag from /opt/airflow/dags/etl_finnhub_kafka_s3_bronze.py
[2025-11-30T14:37:51.028+0000] {processor.py:840} INFO - DAG(s) 'etl_federalcredit_kafka_s3_bronze' retrieved from /opt/airflow/dags/etl_finnhub_kafka_s3_bronze.py
[2025-11-30T14:37:51.111+0000] {logging_mixin.py:188} INFO - [2025-11-30T14:37:51.110+0000] {dag.py:3089} INFO - Sync 1 DAGs
[2025-11-30T14:37:51.209+0000] {processor.py:183} INFO - Processing /opt/airflow/dags/etl_finnhub_kafka_s3_bronze.py took 0.384 seconds
[2025-11-30T14:38:21.553+0000] {processor.py:161} INFO - Started process (PID=49) to work on /opt/airflow/dags/etl_finnhub_kafka_s3_bronze.py
[2025-11-30T14:38:21.554+0000] {processor.py:830} INFO - Processing file /opt/airflow/dags/etl_finnhub_kafka_s3_bronze.py for tasks to queue
[2025-11-30T14:38:21.556+0000] {logging_mixin.py:188} INFO - [2025-11-30T14:38:21.556+0000] {dagbag.py:545} INFO - Filling up the DagBag from /opt/airflow/dags/etl_finnhub_kafka_s3_bronze.py
[2025-11-30T14:38:21.760+0000] {processor.py:840} INFO - DAG(s) 'etl_federalcredit_kafka_s3_bronze' retrieved from /opt/airflow/dags/etl_finnhub_kafka_s3_bronze.py
[2025-11-30T14:38:21.792+0000] {logging_mixin.py:188} INFO - [2025-11-30T14:38:21.792+0000] {dag.py:3089} INFO - Sync 1 DAGs
[2025-11-30T14:38:21.833+0000] {processor.py:183} INFO - Processing /opt/airflow/dags/etl_finnhub_kafka_s3_bronze.py took 0.286 seconds
[2025-11-30T14:38:52.816+0000] {processor.py:161} INFO - Started process (PID=50) to work on /opt/airflow/dags/etl_finnhub_kafka_s3_bronze.py
[2025-11-30T14:38:52.819+0000] {processor.py:830} INFO - Processing file /opt/airflow/dags/etl_finnhub_kafka_s3_bronze.py for tasks to queue
[2025-11-30T14:38:52.825+0000] {logging_mixin.py:188} INFO - [2025-11-30T14:38:52.824+0000] {dagbag.py:545} INFO - Filling up the DagBag from /opt/airflow/dags/etl_finnhub_kafka_s3_bronze.py
[2025-11-30T14:38:53.207+0000] {processor.py:840} INFO - DAG(s) 'etl_federalcredit_kafka_s3_bronze' retrieved from /opt/airflow/dags/etl_finnhub_kafka_s3_bronze.py
[2025-11-30T14:38:53.379+0000] {logging_mixin.py:188} INFO - [2025-11-30T14:38:53.379+0000] {dag.py:3089} INFO - Sync 1 DAGs
[2025-11-30T14:38:53.495+0000] {processor.py:183} INFO - Processing /opt/airflow/dags/etl_finnhub_kafka_s3_bronze.py took 0.701 seconds
[2025-11-30T14:39:24.187+0000] {processor.py:161} INFO - Started process (PID=51) to work on /opt/airflow/dags/etl_finnhub_kafka_s3_bronze.py
[2025-11-30T14:39:24.192+0000] {processor.py:830} INFO - Processing file /opt/airflow/dags/etl_finnhub_kafka_s3_bronze.py for tasks to queue
[2025-11-30T14:39:24.195+0000] {logging_mixin.py:188} INFO - [2025-11-30T14:39:24.194+0000] {dagbag.py:545} INFO - Filling up the DagBag from /opt/airflow/dags/etl_finnhub_kafka_s3_bronze.py
[2025-11-30T14:39:24.422+0000] {processor.py:840} INFO - DAG(s) 'etl_federalcredit_kafka_s3_bronze' retrieved from /opt/airflow/dags/etl_finnhub_kafka_s3_bronze.py
[2025-11-30T14:39:24.453+0000] {logging_mixin.py:188} INFO - [2025-11-30T14:39:24.453+0000] {dag.py:3089} INFO - Sync 1 DAGs
[2025-11-30T14:39:24.535+0000] {processor.py:183} INFO - Processing /opt/airflow/dags/etl_finnhub_kafka_s3_bronze.py took 0.358 seconds
[2025-11-30T14:39:54.916+0000] {processor.py:161} INFO - Started process (PID=52) to work on /opt/airflow/dags/etl_finnhub_kafka_s3_bronze.py
[2025-11-30T14:39:54.917+0000] {processor.py:830} INFO - Processing file /opt/airflow/dags/etl_finnhub_kafka_s3_bronze.py for tasks to queue
[2025-11-30T14:39:54.921+0000] {logging_mixin.py:188} INFO - [2025-11-30T14:39:54.920+0000] {dagbag.py:545} INFO - Filling up the DagBag from /opt/airflow/dags/etl_finnhub_kafka_s3_bronze.py
[2025-11-30T14:39:55.124+0000] {processor.py:840} INFO - DAG(s) 'etl_federalcredit_kafka_s3_bronze' retrieved from /opt/airflow/dags/etl_finnhub_kafka_s3_bronze.py
[2025-11-30T14:39:55.155+0000] {logging_mixin.py:188} INFO - [2025-11-30T14:39:55.155+0000] {dag.py:3089} INFO - Sync 1 DAGs
[2025-11-30T14:39:55.195+0000] {processor.py:183} INFO - Processing /opt/airflow/dags/etl_finnhub_kafka_s3_bronze.py took 0.290 seconds
[2025-11-30T14:40:25.888+0000] {processor.py:161} INFO - Started process (PID=53) to work on /opt/airflow/dags/etl_finnhub_kafka_s3_bronze.py
[2025-11-30T14:40:25.889+0000] {processor.py:830} INFO - Processing file /opt/airflow/dags/etl_finnhub_kafka_s3_bronze.py for tasks to queue
[2025-11-30T14:40:25.892+0000] {logging_mixin.py:188} INFO - [2025-11-30T14:40:25.892+0000] {dagbag.py:545} INFO - Filling up the DagBag from /opt/airflow/dags/etl_finnhub_kafka_s3_bronze.py
[2025-11-30T14:40:26.092+0000] {processor.py:840} INFO - DAG(s) 'etl_federalcredit_kafka_s3_bronze' retrieved from /opt/airflow/dags/etl_finnhub_kafka_s3_bronze.py
[2025-11-30T14:40:26.127+0000] {logging_mixin.py:188} INFO - [2025-11-30T14:40:26.127+0000] {dag.py:3089} INFO - Sync 1 DAGs
[2025-11-30T14:40:26.182+0000] {processor.py:183} INFO - Processing /opt/airflow/dags/etl_finnhub_kafka_s3_bronze.py took 0.301 seconds
[2025-11-30T14:40:58.158+0000] {processor.py:161} INFO - Started process (PID=54) to work on /opt/airflow/dags/etl_finnhub_kafka_s3_bronze.py
[2025-11-30T14:40:58.160+0000] {processor.py:830} INFO - Processing file /opt/airflow/dags/etl_finnhub_kafka_s3_bronze.py for tasks to queue
[2025-11-30T14:40:58.166+0000] {logging_mixin.py:188} INFO - [2025-11-30T14:40:58.165+0000] {dagbag.py:545} INFO - Filling up the DagBag from /opt/airflow/dags/etl_finnhub_kafka_s3_bronze.py
[2025-11-30T14:40:58.398+0000] {processor.py:840} INFO - DAG(s) 'etl_federalcredit_kafka_s3_bronze' retrieved from /opt/airflow/dags/etl_finnhub_kafka_s3_bronze.py
[2025-11-30T14:40:58.432+0000] {logging_mixin.py:188} INFO - [2025-11-30T14:40:58.432+0000] {dag.py:3089} INFO - Sync 1 DAGs
[2025-11-30T14:40:58.481+0000] {processor.py:183} INFO - Processing /opt/airflow/dags/etl_finnhub_kafka_s3_bronze.py took 0.341 seconds
[2025-11-30T14:41:30.491+0000] {processor.py:161} INFO - Started process (PID=55) to work on /opt/airflow/dags/etl_finnhub_kafka_s3_bronze.py
[2025-11-30T14:41:30.499+0000] {processor.py:830} INFO - Processing file /opt/airflow/dags/etl_finnhub_kafka_s3_bronze.py for tasks to queue
[2025-11-30T14:41:30.621+0000] {logging_mixin.py:188} INFO - [2025-11-30T14:41:30.611+0000] {dagbag.py:545} INFO - Filling up the DagBag from /opt/airflow/dags/etl_finnhub_kafka_s3_bronze.py
[2025-11-30T14:41:31.468+0000] {processor.py:840} INFO - DAG(s) 'etl_federalcredit_kafka_s3_bronze' retrieved from /opt/airflow/dags/etl_finnhub_kafka_s3_bronze.py
[2025-11-30T14:41:31.574+0000] {logging_mixin.py:188} INFO - [2025-11-30T14:41:31.573+0000] {dag.py:3089} INFO - Sync 1 DAGs
[2025-11-30T14:41:31.678+0000] {processor.py:183} INFO - Processing /opt/airflow/dags/etl_finnhub_kafka_s3_bronze.py took 1.235 seconds
[2025-11-30T14:42:31.195+0000] {processor.py:161} INFO - Started process (PID=42) to work on /opt/airflow/dags/etl_finnhub_kafka_s3_bronze.py
[2025-11-30T14:42:31.198+0000] {processor.py:830} INFO - Processing file /opt/airflow/dags/etl_finnhub_kafka_s3_bronze.py for tasks to queue
[2025-11-30T14:42:31.202+0000] {logging_mixin.py:188} INFO - [2025-11-30T14:42:31.201+0000] {dagbag.py:545} INFO - Filling up the DagBag from /opt/airflow/dags/etl_finnhub_kafka_s3_bronze.py
[2025-11-30T14:42:32.767+0000] {processor.py:840} INFO - DAG(s) 'etl_federalcredit_kafka_s3_bronze' retrieved from /opt/airflow/dags/etl_finnhub_kafka_s3_bronze.py
[2025-11-30T14:42:34.308+0000] {logging_mixin.py:188} INFO - [2025-11-30T14:42:34.307+0000] {dag.py:3089} INFO - Sync 1 DAGs
[2025-11-30T14:42:34.569+0000] {processor.py:183} INFO - Processing /opt/airflow/dags/etl_finnhub_kafka_s3_bronze.py took 2.211 seconds
[2025-11-30T14:43:08.820+0000] {processor.py:161} INFO - Started process (PID=43) to work on /opt/airflow/dags/etl_finnhub_kafka_s3_bronze.py
[2025-11-30T14:43:08.823+0000] {processor.py:830} INFO - Processing file /opt/airflow/dags/etl_finnhub_kafka_s3_bronze.py for tasks to queue
[2025-11-30T14:43:08.828+0000] {logging_mixin.py:188} INFO - [2025-11-30T14:43:08.827+0000] {dagbag.py:545} INFO - Filling up the DagBag from /opt/airflow/dags/etl_finnhub_kafka_s3_bronze.py
[2025-11-30T14:43:09.144+0000] {processor.py:840} INFO - DAG(s) 'etl_federalcredit_kafka_s3_bronze' retrieved from /opt/airflow/dags/etl_finnhub_kafka_s3_bronze.py
[2025-11-30T14:43:09.201+0000] {logging_mixin.py:188} INFO - [2025-11-30T14:43:09.201+0000] {dag.py:3089} INFO - Sync 1 DAGs
[2025-11-30T14:43:09.263+0000] {processor.py:183} INFO - Processing /opt/airflow/dags/etl_finnhub_kafka_s3_bronze.py took 0.473 seconds
[2025-11-30T14:43:41.225+0000] {processor.py:161} INFO - Started process (PID=44) to work on /opt/airflow/dags/etl_finnhub_kafka_s3_bronze.py
[2025-11-30T14:43:41.339+0000] {processor.py:830} INFO - Processing file /opt/airflow/dags/etl_finnhub_kafka_s3_bronze.py for tasks to queue
[2025-11-30T14:43:41.347+0000] {logging_mixin.py:188} INFO - [2025-11-30T14:43:41.344+0000] {dagbag.py:545} INFO - Filling up the DagBag from /opt/airflow/dags/etl_finnhub_kafka_s3_bronze.py
[2025-11-30T14:43:41.786+0000] {processor.py:840} INFO - DAG(s) 'etl_federalcredit_kafka_s3_bronze' retrieved from /opt/airflow/dags/etl_finnhub_kafka_s3_bronze.py
[2025-11-30T14:43:41.927+0000] {logging_mixin.py:188} INFO - [2025-11-30T14:43:41.926+0000] {dag.py:3089} INFO - Sync 1 DAGs
[2025-11-30T14:43:42.064+0000] {processor.py:183} INFO - Processing /opt/airflow/dags/etl_finnhub_kafka_s3_bronze.py took 0.862 seconds
[2025-11-30T14:44:12.412+0000] {processor.py:161} INFO - Started process (PID=45) to work on /opt/airflow/dags/etl_finnhub_kafka_s3_bronze.py
[2025-11-30T14:44:12.414+0000] {processor.py:830} INFO - Processing file /opt/airflow/dags/etl_finnhub_kafka_s3_bronze.py for tasks to queue
[2025-11-30T14:44:12.417+0000] {logging_mixin.py:188} INFO - [2025-11-30T14:44:12.417+0000] {dagbag.py:545} INFO - Filling up the DagBag from /opt/airflow/dags/etl_finnhub_kafka_s3_bronze.py
[2025-11-30T14:44:12.701+0000] {processor.py:840} INFO - DAG(s) 'etl_federalcredit_kafka_s3_bronze' retrieved from /opt/airflow/dags/etl_finnhub_kafka_s3_bronze.py
[2025-11-30T14:44:12.770+0000] {logging_mixin.py:188} INFO - [2025-11-30T14:44:12.769+0000] {dag.py:3089} INFO - Sync 1 DAGs
[2025-11-30T14:44:12.866+0000] {processor.py:183} INFO - Processing /opt/airflow/dags/etl_finnhub_kafka_s3_bronze.py took 0.464 seconds
[2025-11-30T14:44:46.808+0000] {processor.py:161} INFO - Started process (PID=46) to work on /opt/airflow/dags/etl_finnhub_kafka_s3_bronze.py
[2025-11-30T14:44:46.810+0000] {processor.py:830} INFO - Processing file /opt/airflow/dags/etl_finnhub_kafka_s3_bronze.py for tasks to queue
[2025-11-30T14:44:46.815+0000] {logging_mixin.py:188} INFO - [2025-11-30T14:44:46.814+0000] {dagbag.py:545} INFO - Filling up the DagBag from /opt/airflow/dags/etl_finnhub_kafka_s3_bronze.py
[2025-11-30T14:44:47.061+0000] {processor.py:840} INFO - DAG(s) 'etl_federalcredit_kafka_s3_bronze' retrieved from /opt/airflow/dags/etl_finnhub_kafka_s3_bronze.py
[2025-11-30T14:44:47.101+0000] {logging_mixin.py:188} INFO - [2025-11-30T14:44:47.100+0000] {dag.py:3089} INFO - Sync 1 DAGs
[2025-11-30T14:44:47.155+0000] {processor.py:183} INFO - Processing /opt/airflow/dags/etl_finnhub_kafka_s3_bronze.py took 0.357 seconds
[2025-11-30T14:45:17.561+0000] {processor.py:161} INFO - Started process (PID=47) to work on /opt/airflow/dags/etl_finnhub_kafka_s3_bronze.py
[2025-11-30T14:45:17.562+0000] {processor.py:830} INFO - Processing file /opt/airflow/dags/etl_finnhub_kafka_s3_bronze.py for tasks to queue
[2025-11-30T14:45:17.564+0000] {logging_mixin.py:188} INFO - [2025-11-30T14:45:17.564+0000] {dagbag.py:545} INFO - Filling up the DagBag from /opt/airflow/dags/etl_finnhub_kafka_s3_bronze.py
[2025-11-30T14:45:17.751+0000] {processor.py:840} INFO - DAG(s) 'etl_federalcredit_kafka_s3_bronze' retrieved from /opt/airflow/dags/etl_finnhub_kafka_s3_bronze.py
[2025-11-30T14:45:17.783+0000] {logging_mixin.py:188} INFO - [2025-11-30T14:45:17.783+0000] {dag.py:3089} INFO - Sync 1 DAGs
[2025-11-30T14:45:17.828+0000] {processor.py:183} INFO - Processing /opt/airflow/dags/etl_finnhub_kafka_s3_bronze.py took 0.273 seconds
[2025-11-30T14:45:50.682+0000] {processor.py:161} INFO - Started process (PID=48) to work on /opt/airflow/dags/etl_finnhub_kafka_s3_bronze.py
[2025-11-30T14:45:50.683+0000] {processor.py:830} INFO - Processing file /opt/airflow/dags/etl_finnhub_kafka_s3_bronze.py for tasks to queue
[2025-11-30T14:45:50.685+0000] {logging_mixin.py:188} INFO - [2025-11-30T14:45:50.684+0000] {dagbag.py:545} INFO - Filling up the DagBag from /opt/airflow/dags/etl_finnhub_kafka_s3_bronze.py
[2025-11-30T14:45:50.873+0000] {processor.py:840} INFO - DAG(s) 'etl_federalcredit_kafka_s3_bronze' retrieved from /opt/airflow/dags/etl_finnhub_kafka_s3_bronze.py
[2025-11-30T14:45:50.904+0000] {logging_mixin.py:188} INFO - [2025-11-30T14:45:50.904+0000] {dag.py:3089} INFO - Sync 1 DAGs
[2025-11-30T14:45:50.948+0000] {processor.py:183} INFO - Processing /opt/airflow/dags/etl_finnhub_kafka_s3_bronze.py took 0.272 seconds
[2025-11-30T14:46:22.596+0000] {processor.py:161} INFO - Started process (PID=49) to work on /opt/airflow/dags/etl_finnhub_kafka_s3_bronze.py
[2025-11-30T14:46:22.597+0000] {processor.py:830} INFO - Processing file /opt/airflow/dags/etl_finnhub_kafka_s3_bronze.py for tasks to queue
[2025-11-30T14:46:22.599+0000] {logging_mixin.py:188} INFO - [2025-11-30T14:46:22.599+0000] {dagbag.py:545} INFO - Filling up the DagBag from /opt/airflow/dags/etl_finnhub_kafka_s3_bronze.py
[2025-11-30T14:46:22.782+0000] {processor.py:840} INFO - DAG(s) 'etl_federalcredit_kafka_s3_bronze' retrieved from /opt/airflow/dags/etl_finnhub_kafka_s3_bronze.py
[2025-11-30T14:46:22.823+0000] {logging_mixin.py:188} INFO - [2025-11-30T14:46:22.823+0000] {dag.py:3089} INFO - Sync 1 DAGs
[2025-11-30T14:46:22.869+0000] {processor.py:183} INFO - Processing /opt/airflow/dags/etl_finnhub_kafka_s3_bronze.py took 0.278 seconds
[2025-11-30T14:46:55.607+0000] {processor.py:161} INFO - Started process (PID=50) to work on /opt/airflow/dags/etl_finnhub_kafka_s3_bronze.py
[2025-11-30T14:46:55.609+0000] {processor.py:830} INFO - Processing file /opt/airflow/dags/etl_finnhub_kafka_s3_bronze.py for tasks to queue
[2025-11-30T14:46:55.611+0000] {logging_mixin.py:188} INFO - [2025-11-30T14:46:55.610+0000] {dagbag.py:545} INFO - Filling up the DagBag from /opt/airflow/dags/etl_finnhub_kafka_s3_bronze.py
[2025-11-30T14:46:55.829+0000] {processor.py:840} INFO - DAG(s) 'etl_federalcredit_kafka_s3_bronze' retrieved from /opt/airflow/dags/etl_finnhub_kafka_s3_bronze.py
[2025-11-30T14:46:55.865+0000] {logging_mixin.py:188} INFO - [2025-11-30T14:46:55.865+0000] {dag.py:3089} INFO - Sync 1 DAGs
[2025-11-30T14:46:55.916+0000] {processor.py:183} INFO - Processing /opt/airflow/dags/etl_finnhub_kafka_s3_bronze.py took 0.317 seconds
[2025-11-30T14:47:28.591+0000] {processor.py:161} INFO - Started process (PID=51) to work on /opt/airflow/dags/etl_finnhub_kafka_s3_bronze.py
[2025-11-30T14:47:28.592+0000] {processor.py:830} INFO - Processing file /opt/airflow/dags/etl_finnhub_kafka_s3_bronze.py for tasks to queue
[2025-11-30T14:47:28.595+0000] {logging_mixin.py:188} INFO - [2025-11-30T14:47:28.594+0000] {dagbag.py:545} INFO - Filling up the DagBag from /opt/airflow/dags/etl_finnhub_kafka_s3_bronze.py
[2025-11-30T14:47:29.075+0000] {processor.py:840} INFO - DAG(s) 'etl_federalcredit_kafka_s3_bronze' retrieved from /opt/airflow/dags/etl_finnhub_kafka_s3_bronze.py
[2025-11-30T14:47:29.180+0000] {logging_mixin.py:188} INFO - [2025-11-30T14:47:29.180+0000] {dag.py:3089} INFO - Sync 1 DAGs
[2025-11-30T14:47:29.262+0000] {processor.py:183} INFO - Processing /opt/airflow/dags/etl_finnhub_kafka_s3_bronze.py took 0.679 seconds
[2025-11-30T14:48:24.131+0000] {processor.py:161} INFO - Started process (PID=42) to work on /opt/airflow/dags/etl_finnhub_kafka_s3_bronze.py
[2025-11-30T14:48:24.155+0000] {processor.py:830} INFO - Processing file /opt/airflow/dags/etl_finnhub_kafka_s3_bronze.py for tasks to queue
[2025-11-30T14:48:24.163+0000] {logging_mixin.py:188} INFO - [2025-11-30T14:48:24.161+0000] {dagbag.py:545} INFO - Filling up the DagBag from /opt/airflow/dags/etl_finnhub_kafka_s3_bronze.py
[2025-11-30T14:48:25.450+0000] {processor.py:840} INFO - DAG(s) 'etl_federalcredit_kafka_s3_bronze' retrieved from /opt/airflow/dags/etl_finnhub_kafka_s3_bronze.py
[2025-11-30T14:48:25.568+0000] {logging_mixin.py:188} INFO - [2025-11-30T14:48:25.568+0000] {dag.py:3089} INFO - Sync 1 DAGs
[2025-11-30T14:48:25.626+0000] {processor.py:183} INFO - Processing /opt/airflow/dags/etl_finnhub_kafka_s3_bronze.py took 1.516 seconds
[2025-11-30T14:48:55.980+0000] {processor.py:161} INFO - Started process (PID=43) to work on /opt/airflow/dags/etl_finnhub_kafka_s3_bronze.py
[2025-11-30T14:48:56.076+0000] {processor.py:830} INFO - Processing file /opt/airflow/dags/etl_finnhub_kafka_s3_bronze.py for tasks to queue
[2025-11-30T14:48:56.083+0000] {logging_mixin.py:188} INFO - [2025-11-30T14:48:56.082+0000] {dagbag.py:545} INFO - Filling up the DagBag from /opt/airflow/dags/etl_finnhub_kafka_s3_bronze.py
[2025-11-30T14:48:56.665+0000] {processor.py:840} INFO - DAG(s) 'etl_federalcredit_kafka_s3_bronze' retrieved from /opt/airflow/dags/etl_finnhub_kafka_s3_bronze.py
[2025-11-30T14:48:56.774+0000] {logging_mixin.py:188} INFO - [2025-11-30T14:48:56.774+0000] {dag.py:3089} INFO - Sync 1 DAGs
[2025-11-30T14:48:56.935+0000] {processor.py:183} INFO - Processing /opt/airflow/dags/etl_finnhub_kafka_s3_bronze.py took 0.983 seconds
