[2025-11-28T13:32:57.547+0000] {local_task_job_runner.py:120} INFO - ::group::Pre task execution logs
[2025-11-28T13:32:57.592+0000] {taskinstance.py:2076} INFO - Dependencies all met for dep_context=non-requeueable deps ti=<TaskInstance: etl_finnhub_kafka_s3_bronze.kafka_to_s3_bronze scheduled__2025-11-28T05:00:00+00:00 [queued]>
[2025-11-28T13:32:57.602+0000] {taskinstance.py:2076} INFO - Dependencies all met for dep_context=requeueable deps ti=<TaskInstance: etl_finnhub_kafka_s3_bronze.kafka_to_s3_bronze scheduled__2025-11-28T05:00:00+00:00 [queued]>
[2025-11-28T13:32:57.602+0000] {taskinstance.py:2306} INFO - Starting attempt 1 of 1
[2025-11-28T13:32:57.616+0000] {taskinstance.py:2330} INFO - Executing <Task(PythonOperator): kafka_to_s3_bronze> on 2025-11-28 05:00:00+00:00
[2025-11-28T13:32:57.623+0000] {standard_task_runner.py:64} INFO - Started process 72 to run task
[2025-11-28T13:32:57.626+0000] {standard_task_runner.py:90} INFO - Running: ['***', 'tasks', 'run', 'etl_finnhub_kafka_s3_bronze', 'kafka_to_s3_bronze', 'scheduled__2025-11-28T05:00:00+00:00', '--job-id', '51', '--raw', '--subdir', 'DAGS_FOLDER/etl_finnhub_kafka_s3_bronze.py', '--cfg-path', '/tmp/tmpvgqm2atg']
[2025-11-28T13:32:57.631+0000] {standard_task_runner.py:91} INFO - Job 51: Subtask kafka_to_s3_bronze
[2025-11-28T13:32:57.732+0000] {task_command.py:426} INFO - Running <TaskInstance: etl_finnhub_kafka_s3_bronze.kafka_to_s3_bronze scheduled__2025-11-28T05:00:00+00:00 [running]> on host 4e7055c767d1
[2025-11-28T13:32:57.875+0000] {taskinstance.py:2648} INFO - Exporting env vars: AIRFLOW_CTX_DAG_OWNER='codewithRaghav' AIRFLOW_CTX_DAG_ID='etl_finnhub_kafka_s3_bronze' AIRFLOW_CTX_TASK_ID='kafka_to_s3_bronze' AIRFLOW_CTX_EXECUTION_DATE='2025-11-28T05:00:00+00:00' AIRFLOW_CTX_TRY_NUMBER='1' AIRFLOW_CTX_DAG_RUN_ID='scheduled__2025-11-28T05:00:00+00:00'
[2025-11-28T13:32:57.876+0000] {taskinstance.py:430} INFO - ::endgroup::
[2025-11-28T13:32:57.905+0000] {conn.py:400} INFO - <BrokerConnection client_id=kafka-python-2.3.0, node_id=bootstrap-0 host=kafka:9092 <connecting> [IPv4 ('172.18.0.4', 9092)]>: connecting to kafka:9092 [('172.18.0.4', 9092) IPv4]
[2025-11-28T13:32:57.912+0000] {conn.py:622} INFO - <BrokerConnection client_id=kafka-python-2.3.0, node_id=bootstrap-0 host=kafka:9092 <checking_api_versions_recv> [IPv4 ('172.18.0.4', 9092)]>: Broker version identified as 2.6
[2025-11-28T13:32:57.913+0000] {conn.py:461} INFO - <BrokerConnection client_id=kafka-python-2.3.0, node_id=bootstrap-0 host=kafka:9092 <connected> [IPv4 ('172.18.0.4', 9092)]>: Connection complete.
[2025-11-28T13:32:57.914+0000] {subscription_state.py:181} INFO - Updating subscribed topics to: ('stock-quotes',)
[2025-11-28T13:32:57.921+0000] {conn.py:400} INFO - <BrokerConnection client_id=kafka-python-2.3.0, node_id=1 host=kafka:9092 <connecting> [IPv4 ('172.18.0.4', 9092)]>: connecting to kafka:9092 [('172.18.0.4', 9092) IPv4]
[2025-11-28T13:32:57.922+0000] {conn.py:461} INFO - <BrokerConnection client_id=kafka-python-2.3.0, node_id=1 host=kafka:9092 <connected> [IPv4 ('172.18.0.4', 9092)]>: Connection complete.
[2025-11-28T13:32:57.923+0000] {conn.py:951} INFO - <BrokerConnection client_id=kafka-python-2.3.0, node_id=bootstrap-0 host=kafka:9092 <connected> [IPv4 ('172.18.0.4', 9092)]>: Closing connection. 
[2025-11-28T13:32:58.027+0000] {cluster.py:403} INFO - Coordinator for group/***-batch-consumer is ('coordinator-1', 'kafka', 9092, None)
[2025-11-28T13:32:58.028+0000] {base.py:835} INFO - Discovered coordinator coordinator-1 for group ***-batch-consumer
[2025-11-28T13:32:58.029+0000] {base.py:895} INFO - Starting new heartbeat thread
[2025-11-28T13:32:58.030+0000] {consumer.py:379} INFO - Revoking previously assigned partitions () for group ***-batch-consumer
[2025-11-28T13:32:58.031+0000] {base.py:433} INFO - Failed to join group ***-batch-consumer: NodeNotReadyError: coordinator-1
[2025-11-28T13:32:58.037+0000] {conn.py:400} INFO - <BrokerConnection client_id=kafka-python-2.3.0, node_id=coordinator-1 host=kafka:9092 <connecting> [IPv4 ('172.18.0.4', 9092)]>: connecting to kafka:9092 [('172.18.0.4', 9092) IPv4]
[2025-11-28T13:32:58.038+0000] {conn.py:461} INFO - <BrokerConnection client_id=kafka-python-2.3.0, node_id=coordinator-1 host=kafka:9092 <connected> [IPv4 ('172.18.0.4', 9092)]>: Connection complete.
[2025-11-28T13:32:58.138+0000] {base.py:546} INFO - (Re-)joining group ***-batch-consumer
[2025-11-28T13:32:58.143+0000] {base.py:661} INFO - Received member id kafka-python-2.3.0-c9978b36-caa7-4b34-8386-a859569137b7 for group ***-batch-consumer; will retry join-group
[2025-11-28T13:32:58.144+0000] {base.py:433} INFO - Failed to join group ***-batch-consumer: [Error 79] MemberIdRequiredError
[2025-11-28T13:32:58.144+0000] {base.py:546} INFO - (Re-)joining group ***-batch-consumer
[2025-11-28T13:33:01.154+0000] {base.py:617} INFO - Successfully joined group ***-batch-consumer <Generation 1 (member_id: kafka-python-2.3.0-c9978b36-caa7-4b34-8386-a859569137b7, protocol: range)>
[2025-11-28T13:33:01.155+0000] {base.py:619} INFO - Elected group leader -- performing partition assignments using range
[2025-11-28T13:33:01.161+0000] {subscription_state.py:254} INFO - Updated partition assignment: [('stock-quotes', 0)]
[2025-11-28T13:33:01.162+0000] {consumer.py:260} INFO - Setting newly assigned partitions (('stock-quotes', 0),) for group ***-batch-consumer
[2025-11-28T13:33:01.172+0000] {fetcher.py:418} INFO - Resetting offset for partition ('stock-quotes', 0) to offset 0.
[2025-11-28T13:33:07.484+0000] {base.py:1130} INFO - Stopping heartbeat thread
[2025-11-28T13:33:07.511+0000] {base.py:943} INFO - Leaving consumer group ***-batch-consumer (member kafka-python-2.3.0-c9978b36-caa7-4b34-8386-a859569137b7).
[2025-11-28T13:33:07.577+0000] {base.py:961} INFO - LeaveGroup request for group ***-batch-consumer returned successfully
[2025-11-28T13:33:07.581+0000] {conn.py:951} INFO - <BrokerConnection client_id=kafka-python-2.3.0, node_id=1 host=kafka:9092 <connected> [IPv4 ('172.18.0.4', 9092)]>: Closing connection. 
[2025-11-28T13:33:07.583+0000] {conn.py:951} INFO - <BrokerConnection client_id=kafka-python-2.3.0, node_id=coordinator-1 host=kafka:9092 <connected> [IPv4 ('172.18.0.4', 9092)]>: Closing connection. 
[2025-11-28T13:33:08.626+0000] {taskinstance.py:441} INFO - ::group::Post task execution logs
[2025-11-28T13:33:08.627+0000] {taskinstance.py:2905} ERROR - Task failed with exception
Traceback (most recent call last):
  File "/home/airflow/.local/lib/python3.12/site-packages/airflow/models/taskinstance.py", line 465, in _execute_task
    result = _execute_callable(context=context, **execute_callable_kwargs)
             ^^^^^^^^^^^^^^^^^^^^^^^^^^^^^^^^^^^^^^^^^^^^^^^^^^^^^^^^^^^^^
  File "/home/airflow/.local/lib/python3.12/site-packages/airflow/models/taskinstance.py", line 432, in _execute_callable
    return execute_callable(context=context, **execute_callable_kwargs)
           ^^^^^^^^^^^^^^^^^^^^^^^^^^^^^^^^^^^^^^^^^^^^^^^^^^^^^^^^^^^^
  File "/home/airflow/.local/lib/python3.12/site-packages/airflow/models/baseoperator.py", line 401, in wrapper
    return func(self, *args, **kwargs)
           ^^^^^^^^^^^^^^^^^^^^^^^^^^^
  File "/home/airflow/.local/lib/python3.12/site-packages/airflow/operators/python.py", line 235, in execute
    return_value = self.execute_callable()
                   ^^^^^^^^^^^^^^^^^^^^^^^
  File "/home/airflow/.local/lib/python3.12/site-packages/airflow/operators/python.py", line 252, in execute_callable
    return self.python_callable(*self.op_args, **self.op_kwargs)
           ^^^^^^^^^^^^^^^^^^^^^^^^^^^^^^^^^^^^^^^^^^^^^^^^^^^^^
  File "/opt/airflow/pipelines/kafka_s3_pipeline.py", line 50, in kafka_to_s3_bronze_pipeline
    s3.put_object(
  File "/home/airflow/.local/lib/python3.12/site-packages/botocore/client.py", line 565, in _api_call
    return self._make_api_call(operation_name, kwargs)
           ^^^^^^^^^^^^^^^^^^^^^^^^^^^^^^^^^^^^^^^^^^^
  File "/home/airflow/.local/lib/python3.12/site-packages/botocore/client.py", line 1021, in _make_api_call
    raise error_class(parsed_response, operation_name)
botocore.errorfactory.NoSuchBucket: An error occurred (NoSuchBucket) when calling the PutObject operation: The specified bucket does not exist
[2025-11-28T13:33:08.655+0000] {taskinstance.py:1206} INFO - Marking task as FAILED. dag_id=etl_finnhub_kafka_s3_bronze, task_id=kafka_to_s3_bronze, run_id=scheduled__2025-11-28T05:00:00+00:00, execution_date=20251128T050000, start_date=20251128T133257, end_date=20251128T133308
[2025-11-28T13:33:08.671+0000] {standard_task_runner.py:110} ERROR - Failed to execute job 51 for task kafka_to_s3_bronze (An error occurred (NoSuchBucket) when calling the PutObject operation: The specified bucket does not exist; 72)
[2025-11-28T13:33:08.687+0000] {local_task_job_runner.py:243} INFO - Task exited with return code 1
[2025-11-28T13:33:08.709+0000] {taskinstance.py:3503} INFO - 0 downstream tasks scheduled from follow-on schedule check
[2025-11-28T13:33:08.713+0000] {local_task_job_runner.py:222} INFO - ::endgroup::
